#
# A fatal error has been detected by the Java Runtime Environment:
#
#  EXCEPTION_ACCESS_VIOLATION (0xc0000005) at pc=0x00007ffaf9fe34c2, pid=3252, tid=8084
#
# JRE version: Java(TM) SE Runtime Environment (9.0+11) (build 9.0.4+11)
# Java VM: Java HotSpot(TM) 64-Bit Server VM (9.0.4+11, mixed mode, tiered, compressed oops, g1 gc, windows-amd64)
# Problematic frame:
# C  [librdi_simdata.dll+0x834c2]
#
# No core dump will be written. Minidumps are not enabled by default on client versions of Windows
#
# If you would like to submit a bug report, please visit:
#   http://bugreport.java.com/bugreport/crash.jsp
# The crash happened outside the Java Virtual Machine in native code.
# See problematic frame for where to report the bug.
#

---------------  S U M M A R Y ------------

Command Line: -Dsun.java2d.pmoffscreen=false -Dsun.java2d.xrender=false -Dsun.java2d.d3d=false -Dsun.awt.nopixfmt=true -Dsun.java2d.dpiaware=true -Dsun.java2d.uiScale.enabled=false -Xverify:none -Dswing.aatext=true -XX:-UsePerfData -Djdk.map.althashing.threshold=512 -XX:StringTableSize=4072 --add-opens=java.base/java.nio=ALL-UNNAMED --add-opens=java.desktop/sun.swing=ALL-UNNAMED --add-opens=java.desktop/javax.swing=ALL-UNNAMED --add-opens=java.desktop/javax.swing.tree=ALL-UNNAMED --add-opens=java.desktop/javax.swing.plaf.basic=ALL-UNNAMED --add-opens=java.desktop/javax.swing.plaf.synth=ALL-UNNAMED --add-opens=java.desktop/com.sun.awt=ALL-UNNAMED -XX:NewSize=60m -XX:MaxNewSize=60m -Xms128m -Xmx3072m -Xss5m 

Host: Intel(R) Core(TM) i5-8265U CPU @ 1.60GHz, 8 cores, 7G,  Windows 10 , 64 bit Build 19041 (10.0.19041.1202)
Time: Mon Oct 04 21:33:24 2021 ?D1¨²¡À¨º¡Á?¨º¡À?? elapsed time: 225 seconds (0d 0h 3m 45s)

---------------  T H R E A D  ---------------

Current thread (0x00000278be543800):  JavaThread "AWT-EventQueue-1" [_thread_in_native, id=8084, stack(0x000000d112200000,0x000000d112700000)]

Stack: [0x000000d112200000,0x000000d112700000],  sp=0x000000d1126f4350,  free space=5072k
Native frames: (J=compiled Java code, j=interpreted, Vv=VM code, C=native code)
C  [librdi_simdata.dll+0x834c2]
C  [librdi_simdata.dll+0x7a742]
C  [librdi_wavedata.dll+0x8b50e]
C  [librdi_wavedata.dll+0x8a720]
C  [librdi_wavedata.dll+0x8a7d3]
C  [librdi_wavedata.dll+0x8a5ae]
C  [librdi_wavedata.dll+0x8b203]
C  [librdi_simdata.dll+0x49111]
C  [librdi_simdata.dll+0x9d23e]
C  0x00000278a576921c

Java frames: (J=compiled Java code, j=interpreted, Vv=VM code)
j  ui.views.simulator.executive.simulationi.SimulationExecutive_getTreeWindowData(JILjava/lang/String;)Ljava/lang/String;+0
j  ui.views.O.c.a.a(Lui/views/O/j/f;Z)Lui/views/waveform/executive/protobuf/WVTree$WVTreeMessage;+16
j  ui.views.O.i.f.load()V+15
j  ui.views.O.i.p.gdh()V+4
j  ui.views.O.h.e.a(Lui/frmwork/b/i;)V+124
J 13046 c1 ui.frmwork.b.l.d(Lui/frmwork/b/i;)V (61 bytes) @ 0x00000278a7c4551c [0x00000278a7c44cc0+0x000000000000085c]
J 13031 c1 ui.frmwork.HTclEventBroker.i(JZ)V (471 bytes) @ 0x00000278a7c2f0ac [0x00000278a7c2a8c0+0x00000000000047ec]
J 13032 c1 ui.frmwork.HTclEventBroker.fireTclEvent(J)I (113 bytes) @ 0x00000278a7c33ccc [0x00000278a7c334c0+0x000000000000080c]
v  ~StubRoutines::call_stub
j  ui.views.simulator.executive.simulationi.SimulationExecutive_setTreeWindowTreeHeight(JII)V+0
j  ui.views.O.c.a.b(Lui/views/O/j/f;I)V+17
j  ui.views.O.i.f.gew()V+69
j  ui.views.O.i.i.componentResized(Ljava/awt/event/ComponentEvent;)V+4
J 11797 c1 java.awt.Component.processComponentEvent(Ljava/awt/event/ComponentEvent;)V java.desktop@9.0.4 (82 bytes) @ 0x00000278a797cc9c [0x00000278a797c920+0x000000000000037c]
J 11885 c1 java.awt.Component.processEvent(Ljava/awt/AWTEvent;)V java.desktop@9.0.4 (220 bytes) @ 0x00000278a79bf16c [0x00000278a79bdd80+0x00000000000013ec]
J 17274 c1 java.awt.Container.processEvent(Ljava/awt/AWTEvent;)V java.desktop@9.0.4 (22 bytes) @ 0x00000278a5e66efc [0x00000278a5e66be0+0x000000000000031c]
J 17278 c1 java.awt.Component.dispatchEventImpl(Ljava/awt/AWTEvent;)V java.desktop@9.0.4 (739 bytes) @ 0x00000278a6cda9e4 [0x00000278a6cd6da0+0x0000000000003c44]
J 17502 c1 java.awt.Container.dispatchEventImpl(Ljava/awt/AWTEvent;)V java.desktop@9.0.4 (129 bytes) @ 0x00000278a6c2ea0c [0x00000278a6c2e8e0+0x000000000000012c]
J 15505 c2 java.awt.EventQueue$3.run()Ljava/lang/Object; java.desktop@9.0.4 (5 bytes) @ 0x00000278adefca3c [0x00000278adefc880+0x00000000000001bc]
v  ~StubRoutines::call_stub
J 3843  java.security.AccessController.doPrivileged(Ljava/security/PrivilegedAction;Ljava/security/AccessControlContext;)Ljava/lang/Object; java.base@9.0.4 (0 bytes) @ 0x00000278ad43d746 [0x00000278ad43d6e0+0x0000000000000066]
J 17096 c2 java.awt.EventQueue$4.run()Ljava/lang/Object; java.desktop@9.0.4 (5 bytes) @ 0x00000278ae117e40 [0x00000278ae117be0+0x0000000000000260]
v  ~StubRoutines::call_stub
J 3843  java.security.AccessController.doPrivileged(Ljava/security/PrivilegedAction;Ljava/security/AccessControlContext;)Ljava/lang/Object; java.base@9.0.4 (0 bytes) @ 0x00000278ad43d746 [0x00000278ad43d6e0+0x0000000000000066]
J 15435 c2 ui.frmwork.b.d.dispatchEvent(Ljava/awt/AWTEvent;)V (34 bytes) @ 0x00000278adeeb94c [0x00000278adeeb500+0x000000000000044c]
J 14003 c2 java.awt.EventDispatchThread.pumpOneEventForFilters(I)V java.desktop@9.0.4 (218 bytes) @ 0x00000278ad616754 [0x00000278ad616220+0x0000000000000534]
j  java.awt.EventDispatchThread.pumpEventsForFilter(ILjava/awt/Conditional;Ljava/awt/EventFilter;)V+35 java.desktop@9.0.4
j  java.awt.EventDispatchThread.pumpEventsForFilter(Ljava/awt/Conditional;Ljava/awt/EventFilter;)V+4 java.desktop@9.0.4
j  java.awt.WaitDispatchSupport$2.run()V+59 java.desktop@9.0.4
j  java.awt.WaitDispatchSupport$4.run()Ljava/lang/Void;+4 java.desktop@9.0.4
j  java.awt.WaitDispatchSupport$4.run()Ljava/lang/Object;+1 java.desktop@9.0.4
v  ~StubRoutines::call_stub
J 1035  java.security.AccessController.doPrivileged(Ljava/security/PrivilegedAction;)Ljava/lang/Object; java.base@9.0.4 (0 bytes) @ 0x00000278ad282a32 [0x00000278ad2829e0+0x0000000000000052]
j  java.awt.WaitDispatchSupport.enter()Z+260 java.desktop@9.0.4
j  java.awt.Dialog.show()V+225 java.desktop@9.0.4
J 13607 c1 java.awt.Component.setVisible(Z)V java.desktop@9.0.4 (6 bytes) @ 0x00000278a7dec94c [0x00000278a7dec760+0x00000000000001ec]
j  java.awt.Window.setVisible(Z)V+2 java.desktop@9.0.4
j  java.awt.Dialog.setVisible(Z)V+2 java.desktop@9.0.4
j  ui.b.c.g.setVisible(Z)V+2
j  ui.b.c.by.showDialog()V+64
j  ui.b.c.bF.actionPerformed(Ljava/awt/event/ActionEvent;)V+8
j  ui.b.c.by.cJI()V+396
j  ui.views.c.t.b.a.run()V+60
j  ui.frmwork.a.dWF()Z+66
j  ui.frmwork.V.dYl()V+42
j  ui.bk.actionPerformed(Ljava/awt/event/ActionEvent;)V+25
j  javax.swing.AbstractButton.fireActionPerformed(Ljava/awt/event/ActionEvent;)V+84 java.desktop@9.0.4
j  ui.utils.o.b.B.fireActionPerformed(Ljava/awt/event/ActionEvent;)V+7
j  javax.swing.AbstractButton$Handler.actionPerformed(Ljava/awt/event/ActionEvent;)V+5 java.desktop@9.0.4
j  javax.swing.DefaultButtonModel.fireActionPerformed(Ljava/awt/event/ActionEvent;)V+34 java.desktop@9.0.4
j  javax.swing.DefaultButtonModel.setPressed(Z)V+117 java.desktop@9.0.4
j  javax.swing.plaf.basic.BasicButtonListener.mouseReleased(Ljava/awt/event/MouseEvent;)V+35 java.desktop@9.0.4
j  com.jidesoft.plaf.basic.BasicJideButtonListener.mouseReleased(Ljava/awt/event/MouseEvent;)V+61
j  java.awt.AWTEventMulticaster.mouseReleased(Ljava/awt/event/MouseEvent;)V+8 java.desktop@9.0.4
j  java.awt.AWTEventMulticaster.mouseReleased(Ljava/awt/event/MouseEvent;)V+8 java.desktop@9.0.4
j  java.awt.AWTEventMulticaster.mouseReleased(Ljava/awt/event/MouseEvent;)V+8 java.desktop@9.0.4
j  java.awt.AWTEventMulticaster.mouseReleased(Ljava/awt/event/MouseEvent;)V+8 java.desktop@9.0.4
J 15693 c1 java.awt.Component.processMouseEvent(Ljava/awt/event/MouseEvent;)V java.desktop@9.0.4 (100 bytes) @ 0x00000278a81c0b34 [0x00000278a81c07a0+0x0000000000000394]
J 15692 c1 javax.swing.JComponent.processMouseEvent(Ljava/awt/event/MouseEvent;)V java.desktop@9.0.4 (27 bytes) @ 0x00000278a81c02ec [0x00000278a81c00e0+0x000000000000020c]
J 11885 c1 java.awt.Component.processEvent(Ljava/awt/AWTEvent;)V java.desktop@9.0.4 (220 bytes) @ 0x00000278a79be29c [0x00000278a79bdd80+0x000000000000051c]
J 17274 c1 java.awt.Container.processEvent(Ljava/awt/AWTEvent;)V java.desktop@9.0.4 (22 bytes) @ 0x00000278a5e66efc [0x00000278a5e66be0+0x000000000000031c]
J 17278 c1 java.awt.Component.dispatchEventImpl(Ljava/awt/AWTEvent;)V java.desktop@9.0.4 (739 bytes) @ 0x00000278a6cda9e4 [0x00000278a6cd6da0+0x0000000000003c44]
J 14534 c2 java.awt.Container.dispatchEventImpl(Ljava/awt/AWTEvent;)V java.desktop@9.0.4 (129 bytes) @ 0x00000278ad5261b8 [0x00000278ad526160+0x0000000000000058]
J 16631 c2 java.awt.LightweightDispatcher.retargetMouseEvent(Ljava/awt/Component;ILjava/awt/event/MouseEvent;)V java.desktop@9.0.4 (350 bytes) @ 0x00000278ae05d920 [0x00000278ae05d360+0x00000000000005c0]
J 14670 c1 java.awt.LightweightDispatcher.processMouseEvent(Ljava/awt/event/MouseEvent;)Z java.desktop@9.0.4 (265 bytes) @ 0x00000278a6635224 [0x00000278a66342c0+0x0000000000000f64]
J 14534 c2 java.awt.Container.dispatchEventImpl(Ljava/awt/AWTEvent;)V java.desktop@9.0.4 (129 bytes) @ 0x00000278ad526514 [0x00000278ad526160+0x00000000000003b4]
J 12685 c1 java.awt.Window.dispatchEventImpl(Ljava/awt/AWTEvent;)V java.desktop@9.0.4 (23 bytes) @ 0x00000278a5dd8074 [0x00000278a5dd7aa0+0x00000000000005d4]
J 15505 c2 java.awt.EventQueue$3.run()Ljava/lang/Object; java.desktop@9.0.4 (5 bytes) @ 0x00000278adefca3c [0x00000278adefc880+0x00000000000001bc]
v  ~StubRoutines::call_stub
J 3843  java.security.AccessController.doPrivileged(Ljava/security/PrivilegedAction;Ljava/security/AccessControlContext;)Ljava/lang/Object; java.base@9.0.4 (0 bytes) @ 0x00000278ad43d746 [0x00000278ad43d6e0+0x0000000000000066]
J 17096 c2 java.awt.EventQueue$4.run()Ljava/lang/Object; java.desktop@9.0.4 (5 bytes) @ 0x00000278ae117e40 [0x00000278ae117be0+0x0000000000000260]
v  ~StubRoutines::call_stub
J 3843  java.security.AccessController.doPrivileged(Ljava/security/PrivilegedAction;Ljava/security/AccessControlContext;)Ljava/lang/Object; java.base@9.0.4 (0 bytes) @ 0x00000278ad43d746 [0x00000278ad43d6e0+0x0000000000000066]
J 15435 c2 ui.frmwork.b.d.dispatchEvent(Ljava/awt/AWTEvent;)V (34 bytes) @ 0x00000278adeeb94c [0x00000278adeeb500+0x000000000000044c]
J 14003 c2 java.awt.EventDispatchThread.pumpOneEventForFilters(I)V java.desktop@9.0.4 (218 bytes) @ 0x00000278ad616754 [0x00000278ad616220+0x0000000000000534]
j  java.awt.EventDispatchThread.pumpEventsForFilter(ILjava/awt/Conditional;Ljava/awt/EventFilter;)V+35 java.desktop@9.0.4
j  java.awt.EventDispatchThread.pumpEventsForHierarchy(ILjava/awt/Conditional;Ljava/awt/Component;)V+11 java.desktop@9.0.4
j  java.awt.EventDispatchThread.pumpEvents(ILjava/awt/Conditional;)V+4 java.desktop@9.0.4
j  java.awt.EventDispatchThread.pumpEvents(Ljava/awt/Conditional;)V+3 java.desktop@9.0.4
j  java.awt.EventDispatchThread.run()V+9 java.desktop@9.0.4
v  ~StubRoutines::call_stub

siginfo: EXCEPTION_ACCESS_VIOLATION (0xc0000005), reading address 0x0000000000000008


Register to memory mapping:

RIP=0x00007ffaf9fe34c2 librdi_simdata.dll
RAX=0x0000000000000000 is an unknown value
RBX=0x00000278cec5a5e0 is an unknown value
RCX=0x00000278cec5a600 is an unknown value
RDX=0x0000000000000000 is an unknown value
RSP=0x000000d1126f4350 is pointing into the stack for thread: 0x00000278be543800
RBP=0x000000d1126f4470 is pointing into the stack for thread: 0x00000278be543800
RSI=0x000000d1126f45b0 is pointing into the stack for thread: 0x00000278be543800
RDI=0x000000d1126f4718 is pointing into the stack for thread: 0x00000278be543800
R8 =0x00000000000006dc is an unknown value
R9 =0x0000000000000040 is an unknown value
R10=0x00000000000006c0 is an unknown value
R11=0xf448108fccd81771 is an unknown value
R12=0x000000d1126f4840 is pointing into the stack for thread: 0x00000278be543800
R13=0x0000000000000000 is an unknown value
R14=0x000000d1126f4718 is pointing into the stack for thread: 0x00000278be543800
R15=0x0000000000000275 is an unknown value


Registers:
RAX=0x0000000000000000, RBX=0x00000278cec5a5e0, RCX=0x00000278cec5a600, RDX=0x0000000000000000
RSP=0x000000d1126f4350, RBP=0x000000d1126f4470, RSI=0x000000d1126f45b0, RDI=0x000000d1126f4718
R8 =0x00000000000006dc, R9 =0x0000000000000040, R10=0x00000000000006c0, R11=0xf448108fccd81771
R12=0x000000d1126f4840, R13=0x0000000000000000, R14=0x000000d1126f4718, R15=0x0000000000000275
RIP=0x00007ffaf9fe34c2, EFLAGS=0x0000000000010202

Top of Stack: (sp=0x000000d1126f4350)
0x000000d1126f4350:   000000d1126f4718 00007ffafa097295
0x000000d1126f4360:   0000000000000038 000000d1126f4718
0x000000d1126f4370:   fffffffffffffffe 000000d1126f45b0
0x000000d1126f4380:   0000000000000000 00007ffaf9fda742
0x000000d1126f4390:   00000278cec5a5e0 0000000000000000
0x000000d1126f43a0:   000000d1126f45b0 00007ffaf9fe37d4
0x000000d1126f43b0:   0000000000000000 000000d1126f4840
0x000000d1126f43c0:   fffffffffffffffe 00007ffb6e9547b1
0x000000d1126f43d0:   00000278c1872420 00007ffaf720b50e
0x000000d1126f43e0:   00000278cec5a060 00000278cec5a5e0
0x000000d1126f43f0:   00000278c19c15e0 0000000000000000
0x000000d1126f4400:   0000000000000000 00007ffaf720a720
0x000000d1126f4410:   000000d1126f45b0 0000000000000001
0x000000d1126f4420:   00000278cec5a060 00007ffaf9fe34e7
0x000000d1126f4430:   00000278cec5a080 00000278cec5a060
0x000000d1126f4440:   0000000000000000 000000d1126f4718 

Instructions: (pc=0x00007ffaf9fe34c2)
0x00007ffaf9fe34a2:   48 89 41 08 48 89 41 10 48 89 41 18 48 83 c1 20
0x00007ffaf9fe34b2:   48 89 01 48 89 41 08 48 89 41 10 48 3b da 74 26
0x00007ffaf9fe34c2:   48 8b 42 08 48 89 43 08 8b 42 10 89 43 10 8b 42
0x00007ffaf9fe34d2:   14 89 43 14 48 8b 42 18 48 89 43 18 48 83 c2 20 



---------------  P R O C E S S  ---------------

Java Threads: ( => current thread )
  0x00000278c27be000 JavaThread "Relaunch Simulation" [_thread_blocked, id=12416, stack(0x000000d117f00000,0x000000d118400000)]
  0x00000278c27bb800 JavaThread "Image Animator 3" daemon [_thread_blocked, id=10660, stack(0x000000d117500000,0x000000d117a00000)]
  0x00000278c27b2000 JavaThread "Monitor File Timestamp Swing Worker" [_thread_blocked, id=12756, stack(0x000000d116b00000,0x000000d117000000)]
  0x00000278c27b1000 JavaThread "Timer-0" [_thread_blocked, id=2820, stack(0x000000d116600000,0x000000d116b00000)]
  0x00000278c27b7000 JavaThread "SyntheticaAnimation 50" daemon [_thread_blocked, id=11100, stack(0x000000d116100000,0x000000d116600000)]
  0x00000278c27b5800 JavaThread "SyntheticaAnimation 50" daemon [_thread_blocked, id=14428, stack(0x000000d115200000,0x000000d115700000)]
  0x00000278c27b5000 JavaThread "Update Runs Swing Worker" [_thread_blocked, id=1416, stack(0x000000d115c00000,0x000000d116100000)]
  0x00000278c27b4000 JavaThread "hw_ila_monitor" [_thread_blocked, id=1988, stack(0x000000d114800000,0x000000d114d00000)]
  0x000002789bbe6800 JavaThread "Refresh Filesets Swing Worker" [_thread_blocked, id=10916, stack(0x000000d114300000,0x000000d114800000)]
  0x000002789bbe5000 JavaThread "SyntheticaAnimation 70" daemon [_thread_blocked, id=4884, stack(0x000000d112700000,0x000000d112c00000)]
  0x000002789bbe4800 JavaThread "SyntheticaAnimation 25" daemon [_thread_blocked, id=17560, stack(0x000000d113e00000,0x000000d114300000)]
  0x000002789bbe9800 JavaThread "SyntheticaAnimation 50" daemon [_thread_blocked, id=1248, stack(0x000000d113900000,0x000000d113e00000)]
  0x000002789bbe8000 JavaThread "Monitor HEventQueue" [_thread_blocked, id=16728, stack(0x000000d113400000,0x000000d113900000)]
  0x000002789bbe7800 JavaThread "SyntheticaCleanerThread" daemon [_thread_blocked, id=2288, stack(0x000000d112c00000,0x000000d113100000)]
  0x000002789bbea800 JavaThread "Batik CleanerThread" daemon [_thread_blocked, id=3380, stack(0x000000d110400000,0x000000d110900000)]
=>0x00000278be543800 JavaThread "AWT-EventQueue-1" [_thread_in_native, id=8084, stack(0x000000d112200000,0x000000d112700000)]
  0x00000278be542800 JavaThread "AWT-Shutdown" [_thread_blocked, id=14844, stack(0x000000d111d00000,0x000000d112200000)]
  0x00000278be8c0000 JavaThread "Process Messages" [_thread_blocked, id=14380, stack(0x000000d111800000,0x000000d111d00000)]
  0x00000278be8bf000 JavaThread "Thread-1" [_thread_in_native, id=17608, stack(0x000000d10ab00000,0x000000d10bf00000)]
  0x00000278be568800 JavaThread "TimerQueue" daemon [_thread_blocked, id=7812, stack(0x000000d110e00000,0x000000d111300000)]
  0x00000278be201000 JavaThread "AWT-Windows" daemon [_thread_in_native, id=9208, stack(0x000000d110900000,0x000000d110e00000)]
  0x000002789e195000 JavaThread "Java2D Disposer" daemon [_thread_blocked, id=16328, stack(0x000000d10ff00000,0x000000d110400000)]
  0x0000027899a7d000 JavaThread "Service Thread" daemon [_thread_blocked, id=15464, stack(0x000000d10f900000,0x000000d10fe00000)]
  0x000002789bcf6000 JavaThread "Common-Cleaner" daemon [_thread_blocked, id=18080, stack(0x000000d10f400000,0x000000d10f900000)]
  0x000002789bbe9000 JavaThread "Sweeper thread" daemon [_thread_blocked, id=17080, stack(0x000000d10ef00000,0x000000d10f400000)]
  0x000002789bcf5800 JavaThread "C1 CompilerThread3" daemon [_thread_blocked, id=16052, stack(0x000000d10ee00000,0x000000d10ef00000)]
  0x000002789c845000 JavaThread "C2 CompilerThread2" daemon [_thread_blocked, id=8080, stack(0x000000d10ed00000,0x000000d10ee00000)]
  0x000002789b019800 JavaThread "C2 CompilerThread1" daemon [_thread_blocked, id=14812, stack(0x000000d10ec00000,0x000000d10ed00000)]
  0x000002789673e800 JavaThread "C2 CompilerThread0" daemon [_thread_blocked, id=6664, stack(0x000000d10eb00000,0x000000d10ec00000)]
  0x000002789673d800 JavaThread "Attach Listener" daemon [_thread_blocked, id=17628, stack(0x000000d10e600000,0x000000d10eb00000)]
  0x0000027894574800 JavaThread "Signal Dispatcher" daemon [_thread_blocked, id=376, stack(0x000000d10e100000,0x000000d10e600000)]
  0x000002789eab5800 JavaThread "Finalizer" daemon [_thread_blocked, id=8308, stack(0x000000d10dc00000,0x000000d10e100000)]
  0x000002789e18c800 JavaThread "Reference Handler" daemon [_thread_blocked, id=9468, stack(0x000000d10d700000,0x000000d10dc00000)]
  0x0000027898f28800 JavaThread "main" [_thread_blocked, id=10000, stack(0x000000d10aa00000,0x000000d10ab00000)]

Other Threads:
  0x000002789bb99800 VMThread "VM Thread" [stack: 0x000000d10d600000,0x000000d10d700000] [id=3672]
  0x000002789c393800 WatcherThread [stack: 0x000000d10fe00000,0x000000d10ff00000] [id=6428]
  0x000002789bdd9000 GCTaskThread "GC Thread#0" [stack: 0x000000d10c200000,0x000000d10c300000] [id=10404]
  0x000002789bddd800 GCTaskThread "GC Thread#1" [stack: 0x000000d10c300000,0x000000d10c400000] [id=16820]
  0x000002789bddc800 GCTaskThread "GC Thread#2" [stack: 0x000000d10c400000,0x000000d10c500000] [id=18076]
  0x000002789bddd000 GCTaskThread "GC Thread#3" [stack: 0x000000d10c500000,0x000000d10c600000] [id=13756]
  0x000002789bdda800 GCTaskThread "GC Thread#4" [stack: 0x000000d10c600000,0x000000d10c700000] [id=17400]
  0x000002789bdda000 GCTaskThread "GC Thread#5" [stack: 0x000000d10c700000,0x000000d10c800000] [id=12444]
  0x000002789bdd8800 GCTaskThread "GC Thread#6" [stack: 0x000000d10c800000,0x000000d10c900000] [id=9632]
  0x000002789bddb000 GCTaskThread "GC Thread#7" [stack: 0x000000d10c900000,0x000000d10ca00000] [id=3236]
  0x000002789c579000 ConcurrentGCThread "G1 Main Marker" [stack: 0x000000d10d300000,0x000000d10d400000] [id=10992]
  0x000002789bdde000 ConcurrentGCThread "G1 Marker#0" [stack: 0x000000d10d400000,0x000000d10d500000] [id=10972]
  0x000002789bddb800 ConcurrentGCThread "G1 Marker#1" [stack: 0x000000d10d500000,0x000000d10d600000] [id=8488]
  0x000002789cdb5800 ConcurrentGCThread "G1 Refine#0" [stack: 0x000000d10d100000,0x000000d10d200000] [id=16736]
  0x000002789cdb4800 ConcurrentGCThread "G1 Refine#1" [stack: 0x000000d10d000000,0x000000d10d100000] [id=2884]
  0x000002789df0c800 ConcurrentGCThread "G1 Refine#2" [stack: 0x000000d10cf00000,0x000000d10d000000] [id=12412]
  0x000002789df31000 ConcurrentGCThread "G1 Refine#3" [stack: 0x000000d10ce00000,0x000000d10cf00000] [id=9560]
  0x0000027896d06800 ConcurrentGCThread "G1 Refine#4" [stack: 0x000000d10cd00000,0x000000d10ce00000] [id=4204]
  0x000002789e31f000 ConcurrentGCThread "G1 Refine#5" [stack: 0x000000d10cc00000,0x000000d10cd00000] [id=4340]
  0x000002789e31e800 ConcurrentGCThread "G1 Refine#6" [stack: 0x000000d10cb00000,0x000000d10cc00000] [id=14232]
  0x000002789df28800 ConcurrentGCThread "G1 Refine#7" [stack: 0x000000d10ca00000,0x000000d10cb00000] [id=14004]
  0x000002789b605000 ConcurrentGCThread "G1 Young RemSet Sampling" [stack: 0x000000d10d200000,0x000000d10d300000] [id=9836]

Threads with active compile tasks:

VM state:not at safepoint (normal execution)

VM Mutex/Monitor currently owned by a thread: None

Heap address: 0x0000000700000000, size: 3072 MB, Compressed Oops mode: Zero based, Oop shift amount: 3
Narrow klass base: 0x0000000000000000, Narrow klass shift: 3
Compressed class space size: 1073741824 Address: 0x00000007c0000000

Heap:
 garbage-first heap   total 219136K, used 111849K [0x0000000700000000, 0x00000007001006b0, 0x00000007c0000000)
  region size 1024K, 42 young (43008K), 5 survivors (5120K)
 Metaspace       used 80195K, capacity 85763K, committed 85936K, reserved 1122304K
  class space    used 11173K, capacity 12172K, committed 12208K, reserved 1048576K
Heap Regions: E=young(eden), S=young(survivor), O=old, HS=humongous(starts), HC=humongous(continues), CS=collection set, F=free, A=archive, TS=gc time stamp, AC=allocation context, TAMS=top-at-mark-start (previous, next)
|   0|0x0000000700000000, 0x00000007000fb0c8, 0x0000000700100000| 98%| O|  |TS  0|AC  0|TAMS 0x0000000700000000, 0x0000000700000000|
|   1|0x0000000700100000, 0x0000000700200000, 0x0000000700200000|100%|HS|  |TS  0|AC  0|TAMS 0x0000000700100000, 0x0000000700100000|
|   2|0x0000000700200000, 0x0000000700300000, 0x0000000700300000|100%|HC|  |TS  0|AC  0|TAMS 0x0000000700200000, 0x0000000700200000|
|   3|0x0000000700300000, 0x0000000700400000, 0x0000000700400000|100%|HS|  |TS  0|AC  0|TAMS 0x0000000700300000, 0x0000000700300000|
|   4|0x0000000700400000, 0x00000007004cf118, 0x0000000700500000| 80%| O|  |TS  0|AC  0|TAMS 0x0000000700400000, 0x0000000700400000|
|   5|0x0000000700500000, 0x00000007005fb5f0, 0x0000000700600000| 98%| O|  |TS  0|AC  0|TAMS 0x0000000700500000, 0x0000000700500000|
|   6|0x0000000700600000, 0x00000007006fffe8, 0x0000000700700000| 99%| O|  |TS  0|AC  0|TAMS 0x0000000700600000, 0x0000000700600000|
|   7|0x0000000700700000, 0x0000000700800000, 0x0000000700800000|100%| O|  |TS  0|AC  0|TAMS 0x0000000700700000, 0x0000000700700000|
|   8|0x0000000700800000, 0x00000007008fff90, 0x0000000700900000| 99%| O|  |TS  0|AC  0|TAMS 0x0000000700800000, 0x0000000700800000|
|   9|0x0000000700900000, 0x00000007009fe090, 0x0000000700a00000| 99%| O|  |TS  0|AC  0|TAMS 0x0000000700900000, 0x0000000700900000|
|  10|0x0000000700a00000, 0x0000000700afffd8, 0x0000000700b00000| 99%| O|  |TS  0|AC  0|TAMS 0x0000000700a00000, 0x0000000700a00000|
|  11|0x0000000700b00000, 0x0000000700bc33e0, 0x0000000700c00000| 76%| O|  |TS  0|AC  0|TAMS 0x0000000700b00000, 0x0000000700b00000|
|  12|0x0000000700c00000, 0x0000000700cf9c20, 0x0000000700d00000| 97%| O|  |TS  0|AC  0|TAMS 0x0000000700c00000, 0x0000000700c00000|
|  13|0x0000000700d00000, 0x0000000700dff6c0, 0x0000000700e00000| 99%| O|  |TS  0|AC  0|TAMS 0x0000000700d00000, 0x0000000700d00000|
|  14|0x0000000700e00000, 0x0000000700ef5080, 0x0000000700f00000| 95%| O|  |TS  0|AC  0|TAMS 0x0000000700e00000, 0x0000000700e00000|
|  15|0x0000000700f00000, 0x0000000700fffff0, 0x0000000701000000| 99%| O|  |TS  0|AC  0|TAMS 0x0000000700f00000, 0x0000000700f00000|
|  16|0x0000000701000000, 0x0000000701100000, 0x0000000701100000|100%| O|  |TS  0|AC  0|TAMS 0x0000000701000000, 0x0000000701000000|
|  17|0x0000000701100000, 0x00000007011fffc8, 0x0000000701200000| 99%| O|  |TS  0|AC  0|TAMS 0x0000000701100000, 0x0000000701100000|
|  18|0x0000000701200000, 0x0000000701300000, 0x0000000701300000|100%| O|  |TS  0|AC  0|TAMS 0x0000000701200000, 0x0000000701200000|
|  19|0x0000000701300000, 0x00000007013fff98, 0x0000000701400000| 99%| O|  |TS  0|AC  0|TAMS 0x0000000701300000, 0x0000000701300000|
|  20|0x0000000701400000, 0x00000007014ffbe8, 0x0000000701500000| 99%| O|  |TS  0|AC  0|TAMS 0x0000000701400000, 0x0000000701400000|
|  21|0x0000000701500000, 0x0000000701600000, 0x0000000701600000|100%|HS|  |TS  0|AC  0|TAMS 0x0000000701500000, 0x0000000701500000|
|  22|0x0000000701600000, 0x0000000701700000, 0x0000000701700000|100%|HC|  |TS  0|AC  0|TAMS 0x0000000701600000, 0x0000000701600000|
|  23|0x0000000701700000, 0x00000007017ffff0, 0x0000000701800000| 99%| O|  |TS  0|AC  0|TAMS 0x0000000701700000, 0x0000000701700000|
|  24|0x0000000701800000, 0x00000007018ffff0, 0x0000000701900000| 99%| O|  |TS  0|AC  0|TAMS 0x0000000701800000, 0x0000000701800000|
|  25|0x0000000701900000, 0x00000007019ffff8, 0x0000000701a00000| 99%| O|  |TS  0|AC  0|TAMS 0x0000000701900000, 0x0000000701900000|
|  26|0x0000000701a00000, 0x0000000701afffe8, 0x0000000701b00000| 99%| O|  |TS  0|AC  0|TAMS 0x0000000701a00000, 0x0000000701a00000|
|  27|0x0000000701b00000, 0x0000000701c00000, 0x0000000701c00000|100%| O|  |TS  0|AC  0|TAMS 0x0000000701b00000, 0x0000000701b00000|
|  28|0x0000000701c00000, 0x0000000701d00000, 0x0000000701d00000|100%| O|  |TS  0|AC  0|TAMS 0x0000000701c00000, 0x0000000701c00000|
|  29|0x0000000701d00000, 0x0000000701dfffe8, 0x0000000701e00000| 99%| O|  |TS  0|AC  0|TAMS 0x0000000701d00000, 0x0000000701d00000|
|  30|0x0000000701e00000, 0x0000000701f00000, 0x0000000701f00000|100%| O|  |TS  0|AC  0|TAMS 0x0000000701e00000, 0x0000000701e00000|
|  31|0x0000000701f00000, 0x0000000701fffff8, 0x0000000702000000| 99%| O|  |TS  0|AC  0|TAMS 0x0000000701f00000, 0x0000000701f00000|
|  32|0x0000000702000000, 0x00000007020ffff0, 0x0000000702100000| 99%| O|  |TS  0|AC  0|TAMS 0x0000000702000000, 0x0000000702000000|
|  33|0x0000000702100000, 0x00000007021ffff0, 0x0000000702200000| 99%| O|  |TS  0|AC  0|TAMS 0x0000000702100000, 0x0000000702100000|
|  34|0x0000000702200000, 0x0000000702300000, 0x0000000702300000|100%| O|  |TS  0|AC  0|TAMS 0x0000000702200000, 0x0000000702200000|
|  35|0x0000000702300000, 0x00000007023ffff8, 0x0000000702400000| 99%| O|  |TS  0|AC  0|TAMS 0x0000000702300000, 0x0000000702300000|
|  36|0x0000000702400000, 0x00000007024fffd0, 0x0000000702500000| 99%| O|  |TS  0|AC  0|TAMS 0x0000000702400000, 0x0000000702400000|
|  37|0x0000000702500000, 0x00000007025ffff8, 0x0000000702600000| 99%| O|  |TS  0|AC  0|TAMS 0x0000000702500000, 0x0000000702500000|
|  38|0x0000000702600000, 0x00000007026faac0, 0x0000000702700000| 97%| O|  |TS  0|AC  0|TAMS 0x0000000702600000, 0x0000000702600000|
|  39|0x0000000702700000, 0x00000007027fffa8, 0x0000000702800000| 99%| O|  |TS  0|AC  0|TAMS 0x0000000702700000, 0x0000000702700000|
|  40|0x0000000702800000, 0x00000007028fffd0, 0x0000000702900000| 99%| O|  |TS  0|AC  0|TAMS 0x0000000702800000, 0x0000000702800000|
|  41|0x0000000702900000, 0x0000000702a00000, 0x0000000702a00000|100%| O|  |TS  0|AC  0|TAMS 0x0000000702900000, 0x0000000702900000|
|  42|0x0000000702a00000, 0x0000000702affff0, 0x0000000702b00000| 99%| O|  |TS  0|AC  0|TAMS 0x0000000702a00000, 0x0000000702a00000|
|  43|0x0000000702b00000, 0x0000000702bffff8, 0x0000000702c00000| 99%| O|  |TS  0|AC  0|TAMS 0x0000000702b00000, 0x0000000702b00000|
|  44|0x0000000702c00000, 0x0000000702cffff8, 0x0000000702d00000| 99%| O|  |TS  0|AC  0|TAMS 0x0000000702c00000, 0x0000000702c00000|
|  45|0x0000000702d00000, 0x0000000702e00000, 0x0000000702e00000|100%| O|  |TS  0|AC  0|TAMS 0x0000000702d00000, 0x0000000702d00000|
|  46|0x0000000702e00000, 0x0000000702effed8, 0x0000000702f00000| 99%| O|  |TS  0|AC  0|TAMS 0x0000000702e00000, 0x0000000702e00000|
|  47|0x0000000702f00000, 0x0000000703000000, 0x0000000703000000|100%|HS|  |TS  0|AC  0|TAMS 0x0000000702f00000, 0x0000000702f00000|
|  48|0x0000000703000000, 0x0000000703100000, 0x0000000703100000|100%|HS|  |TS  0|AC  0|TAMS 0x0000000703000000, 0x0000000703000000|
|  49|0x0000000703100000, 0x00000007031fffd0, 0x0000000703200000| 99%| O|  |TS  0|AC  0|TAMS 0x0000000703100000, 0x0000000703100000|
|  50|0x0000000703200000, 0x00000007032ff028, 0x0000000703300000| 99%| O|  |TS  0|AC  0|TAMS 0x0000000703200000, 0x0000000703200000|
|  51|0x0000000703300000, 0x00000007033ffff0, 0x0000000703400000| 99%| O|  |TS  0|AC  0|TAMS 0x0000000703300000, 0x0000000703300000|
|  52|0x0000000703400000, 0x00000007034ffff8, 0x0000000703500000| 99%| O|  |TS  0|AC  0|TAMS 0x0000000703400000, 0x0000000703400000|
|  53|0x0000000703500000, 0x0000000703600000, 0x0000000703600000|100%| O|  |TS  0|AC  0|TAMS 0x0000000703500000, 0x0000000703500000|
|  54|0x0000000703600000, 0x00000007036fe988, 0x0000000703700000| 99%| O|  |TS  0|AC  0|TAMS 0x0000000703600000, 0x0000000703600000|
|  55|0x0000000703700000, 0x000000070376f1a0, 0x0000000703800000| 43%| O|  |TS  0|AC  0|TAMS 0x0000000703700000, 0x0000000703700000|
|  56|0x0000000703800000, 0x0000000703900000, 0x0000000703900000|100%|HS|  |TS  0|AC  0|TAMS 0x0000000703800000, 0x0000000703800000|
|  57|0x0000000703900000, 0x0000000703a00000, 0x0000000703a00000|100%|HC|  |TS  0|AC  0|TAMS 0x0000000703900000, 0x0000000703900000|
|  58|0x0000000703a00000, 0x0000000703b00000, 0x0000000703b00000|100%|HC|  |TS  0|AC  0|TAMS 0x0000000703a00000, 0x0000000703a00000|
|  59|0x0000000703b00000, 0x0000000703c00000, 0x0000000703c00000|100%|HC|  |TS  0|AC  0|TAMS 0x0000000703b00000, 0x0000000703b00000|
|  60|0x0000000703c00000, 0x0000000703d00000, 0x0000000703d00000|100%|HC|  |TS  0|AC  0|TAMS 0x0000000703c00000, 0x0000000703c00000|
|  61|0x0000000703d00000, 0x0000000703e00000, 0x0000000703e00000|100%|HC|  |TS  0|AC  0|TAMS 0x0000000703d00000, 0x0000000703d00000|
|  62|0x0000000703e00000, 0x0000000703f00000, 0x0000000703f00000|100%|HC|  |TS  0|AC  0|TAMS 0x0000000703e00000, 0x0000000703e00000|
|  63|0x0000000703f00000, 0x0000000704000000, 0x0000000704000000|100%|HC|  |TS  0|AC  0|TAMS 0x0000000703f00000, 0x0000000703f00000|
|  64|0x0000000704000000, 0x0000000704000000, 0x0000000704100000|  0%| F|  |TS  7|AC  0|TAMS 0x0000000704000000, 0x0000000704000000|
|  65|0x0000000704100000, 0x0000000704200000, 0x0000000704200000|100%|HS|  |TS  0|AC  0|TAMS 0x0000000704100000, 0x0000000704100000|
|  66|0x0000000704200000, 0x0000000704300000, 0x0000000704300000|100%|HS|  |TS  0|AC  0|TAMS 0x0000000704200000, 0x0000000704200000|
|  67|0x0000000704300000, 0x0000000704400000, 0x0000000704400000|100%|HC|  |TS  0|AC  0|TAMS 0x0000000704300000, 0x0000000704300000|
|  68|0x0000000704400000, 0x0000000704500000, 0x0000000704500000|100%|HC|  |TS  0|AC  0|TAMS 0x0000000704400000, 0x0000000704400000|
|  69|0x0000000704500000, 0x0000000704600000, 0x0000000704600000|100%|HC|  |TS  0|AC  0|TAMS 0x0000000704500000, 0x0000000704500000|
|  70|0x0000000704600000, 0x0000000704700000, 0x0000000704700000|100%|HC|  |TS  0|AC  0|TAMS 0x0000000704600000, 0x0000000704600000|
|  71|0x0000000704700000, 0x0000000704700000, 0x0000000704800000|  0%| F|  |TS  0|AC  0|TAMS 0x0000000704700000, 0x0000000704700000|
|  72|0x0000000704800000, 0x0000000704800000, 0x0000000704900000|  0%| F|  |TS  0|AC  0|TAMS 0x0000000704800000, 0x0000000704800000|
|  73|0x0000000704900000, 0x0000000704900000, 0x0000000704a00000|  0%| F|  |TS  0|AC  0|TAMS 0x0000000704900000, 0x0000000704900000|
|  74|0x0000000704a00000, 0x0000000704a00000, 0x0000000704b00000|  0%| F|  |TS  0|AC  0|TAMS 0x0000000704a00000, 0x0000000704a00000|
|  75|0x0000000704b00000, 0x0000000704b00000, 0x0000000704c00000|  0%| F|  |TS  0|AC  0|TAMS 0x0000000704b00000, 0x0000000704b00000|
|  76|0x0000000704c00000, 0x0000000704c00000, 0x0000000704d00000|  0%| F|  |TS  0|AC  0|TAMS 0x0000000704c00000, 0x0000000704c00000|
|  77|0x0000000704d00000, 0x0000000704d00000, 0x0000000704e00000|  0%| F|  |TS  0|AC  0|TAMS 0x0000000704d00000, 0x0000000704d00000|
|  78|0x0000000704e00000, 0x0000000704e00000, 0x0000000704f00000|  0%| F|  |TS  0|AC  0|TAMS 0x0000000704e00000, 0x0000000704e00000|
|  79|0x0000000704f00000, 0x0000000704f00000, 0x0000000705000000|  0%| F|  |TS  0|AC  0|TAMS 0x0000000704f00000, 0x0000000704f00000|
|  80|0x0000000705000000, 0x0000000705000000, 0x0000000705100000|  0%| F|  |TS  0|AC  0|TAMS 0x0000000705000000, 0x0000000705000000|
|  81|0x0000000705100000, 0x0000000705100000, 0x0000000705200000|  0%| F|  |TS  0|AC  0|TAMS 0x0000000705100000, 0x0000000705100000|
|  82|0x0000000705200000, 0x0000000705200000, 0x0000000705300000|  0%| F|  |TS  0|AC  0|TAMS 0x0000000705200000, 0x0000000705200000|
|  83|0x0000000705300000, 0x0000000705300000, 0x0000000705400000|  0%| F|  |TS  0|AC  0|TAMS 0x0000000705300000, 0x0000000705300000|
|  84|0x0000000705400000, 0x0000000705400000, 0x0000000705500000|  0%| F|  |TS  0|AC  0|TAMS 0x0000000705400000, 0x0000000705400000|
|  85|0x0000000705500000, 0x0000000705500000, 0x0000000705600000|  0%| F|  |TS  0|AC  0|TAMS 0x0000000705500000, 0x0000000705500000|
|  86|0x0000000705600000, 0x0000000705600000, 0x0000000705700000|  0%| F|  |TS  0|AC  0|TAMS 0x0000000705600000, 0x0000000705600000|
|  87|0x0000000705700000, 0x0000000705700000, 0x0000000705800000|  0%| F|  |TS  0|AC  0|TAMS 0x0000000705700000, 0x0000000705700000|
|  88|0x0000000705800000, 0x0000000705800000, 0x0000000705900000|  0%| F|  |TS  0|AC  0|TAMS 0x0000000705800000, 0x0000000705800000|
|  89|0x0000000705900000, 0x0000000705900000, 0x0000000705a00000|  0%| F|  |TS  0|AC  0|TAMS 0x0000000705900000, 0x0000000705900000|
|  90|0x0000000705a00000, 0x0000000705a00000, 0x0000000705b00000|  0%| F|  |TS  0|AC  0|TAMS 0x0000000705a00000, 0x0000000705a00000|
|  91|0x0000000705b00000, 0x0000000705b00000, 0x0000000705c00000|  0%| F|  |TS  0|AC  0|TAMS 0x0000000705b00000, 0x0000000705b00000|
|  92|0x0000000705c00000, 0x0000000705c00000, 0x0000000705d00000|  0%| F|  |TS  0|AC  0|TAMS 0x0000000705c00000, 0x0000000705c00000|
|  93|0x0000000705d00000, 0x0000000705d00000, 0x0000000705e00000|  0%| F|  |TS  0|AC  0|TAMS 0x0000000705d00000, 0x0000000705d00000|
|  94|0x0000000705e00000, 0x0000000705e00000, 0x0000000705f00000|  0%| F|  |TS  0|AC  0|TAMS 0x0000000705e00000, 0x0000000705e00000|
|  95|0x0000000705f00000, 0x0000000705f00000, 0x0000000706000000|  0%| F|  |TS  0|AC  0|TAMS 0x0000000705f00000, 0x0000000705f00000|
|  96|0x0000000706000000, 0x0000000706000000, 0x0000000706100000|  0%| F|  |TS  0|AC  0|TAMS 0x0000000706000000, 0x0000000706000000|
|  97|0x0000000706100000, 0x0000000706100000, 0x0000000706200000|  0%| F|  |TS  0|AC  0|TAMS 0x0000000706100000, 0x0000000706100000|
|  98|0x0000000706200000, 0x0000000706200000, 0x0000000706300000|  0%| F|  |TS  0|AC  0|TAMS 0x0000000706200000, 0x0000000706200000|
|  99|0x0000000706300000, 0x0000000706300000, 0x0000000706400000|  0%| F|  |TS  0|AC  0|TAMS 0x0000000706300000, 0x0000000706300000|
| 100|0x0000000706400000, 0x0000000706400000, 0x0000000706500000|  0%| F|  |TS  0|AC  0|TAMS 0x0000000706400000, 0x0000000706400000|
| 101|0x0000000706500000, 0x0000000706500000, 0x0000000706600000|  0%| F|  |TS  0|AC  0|TAMS 0x0000000706500000, 0x0000000706500000|
| 102|0x0000000706600000, 0x0000000706600000, 0x0000000706700000|  0%| F|  |TS  0|AC  0|TAMS 0x0000000706600000, 0x0000000706600000|
| 103|0x0000000706700000, 0x0000000706700000, 0x0000000706800000|  0%| F|  |TS  0|AC  0|TAMS 0x0000000706700000, 0x0000000706700000|
| 104|0x0000000706800000, 0x0000000706800000, 0x0000000706900000|  0%| F|  |TS  0|AC  0|TAMS 0x0000000706800000, 0x0000000706800000|
| 105|0x0000000706900000, 0x0000000706900000, 0x0000000706a00000|  0%| F|  |TS  0|AC  0|TAMS 0x0000000706900000, 0x0000000706900000|
| 106|0x0000000706a00000, 0x0000000706a00000, 0x0000000706b00000|  0%| F|  |TS  0|AC  0|TAMS 0x0000000706a00000, 0x0000000706a00000|
| 107|0x0000000706b00000, 0x0000000706b00000, 0x0000000706c00000|  0%| F|  |TS  0|AC  0|TAMS 0x0000000706b00000, 0x0000000706b00000|
| 108|0x0000000706c00000, 0x0000000706c00000, 0x0000000706d00000|  0%| F|  |TS  0|AC  0|TAMS 0x0000000706c00000, 0x0000000706c00000|
| 109|0x0000000706d00000, 0x0000000706d00000, 0x0000000706e00000|  0%| F|  |TS  0|AC  0|TAMS 0x0000000706d00000, 0x0000000706d00000|
| 110|0x0000000706e00000, 0x0000000706e00000, 0x0000000706f00000|  0%| F|  |TS  0|AC  0|TAMS 0x0000000706e00000, 0x0000000706e00000|
| 111|0x0000000706f00000, 0x0000000706f00000, 0x0000000707000000|  0%| F|  |TS  0|AC  0|TAMS 0x0000000706f00000, 0x0000000706f00000|
| 112|0x0000000707000000, 0x0000000707000000, 0x0000000707100000|  0%| F|  |TS  0|AC  0|TAMS 0x0000000707000000, 0x0000000707000000|
| 113|0x0000000707100000, 0x0000000707100000, 0x0000000707200000|  0%| F|  |TS  0|AC  0|TAMS 0x0000000707100000, 0x0000000707100000|
| 114|0x0000000707200000, 0x0000000707200000, 0x0000000707300000|  0%| F|  |TS  0|AC  0|TAMS 0x0000000707200000, 0x0000000707200000|
| 115|0x0000000707300000, 0x0000000707300000, 0x0000000707400000|  0%| F|  |TS  0|AC  0|TAMS 0x0000000707300000, 0x0000000707300000|
| 116|0x0000000707400000, 0x0000000707400000, 0x0000000707500000|  0%| F|  |TS  0|AC  0|TAMS 0x0000000707400000, 0x0000000707400000|
| 117|0x0000000707500000, 0x0000000707500000, 0x0000000707600000|  0%| F|  |TS  0|AC  0|TAMS 0x0000000707500000, 0x0000000707500000|
| 118|0x0000000707600000, 0x0000000707600000, 0x0000000707700000|  0%| F|  |TS  0|AC  0|TAMS 0x0000000707600000, 0x0000000707600000|
| 119|0x0000000707700000, 0x0000000707700000, 0x0000000707800000|  0%| F|  |TS  0|AC  0|TAMS 0x0000000707700000, 0x0000000707700000|
| 120|0x0000000707800000, 0x0000000707800000, 0x0000000707900000|  0%| F|  |TS  0|AC  0|TAMS 0x0000000707800000, 0x0000000707800000|
| 121|0x0000000707900000, 0x0000000707900000, 0x0000000707a00000|  0%| F|  |TS  0|AC  0|TAMS 0x0000000707900000, 0x0000000707900000|
| 122|0x0000000707a00000, 0x0000000707a00000, 0x0000000707b00000|  0%| F|  |TS  0|AC  0|TAMS 0x0000000707a00000, 0x0000000707a00000|
| 123|0x0000000707b00000, 0x0000000707b00000, 0x0000000707c00000|  0%| F|  |TS  0|AC  0|TAMS 0x0000000707b00000, 0x0000000707b00000|
| 124|0x0000000707c00000, 0x0000000707c00000, 0x0000000707d00000|  0%| F|  |TS  0|AC  0|TAMS 0x0000000707c00000, 0x0000000707c00000|
| 125|0x0000000707d00000, 0x0000000707d00000, 0x0000000707e00000|  0%| F|  |TS  0|AC  0|TAMS 0x0000000707d00000, 0x0000000707d00000|
| 126|0x0000000707e00000, 0x0000000707e00000, 0x0000000707f00000|  0%| F|  |TS  0|AC  0|TAMS 0x0000000707e00000, 0x0000000707e00000|
| 127|0x0000000707f00000, 0x0000000707f00000, 0x0000000708000000|  0%| F|  |TS  0|AC  0|TAMS 0x0000000707f00000, 0x0000000707f00000|
| 128|0x0000000708000000, 0x0000000708000000, 0x0000000708100000|  0%| F|  |TS  0|AC  0|TAMS 0x0000000708000000, 0x0000000708000000|
| 129|0x0000000708100000, 0x0000000708100000, 0x0000000708200000|  0%| F|  |TS  0|AC  0|TAMS 0x0000000708100000, 0x0000000708100000|
| 130|0x0000000708200000, 0x0000000708200000, 0x0000000708300000|  0%| F|  |TS  0|AC  0|TAMS 0x0000000708200000, 0x0000000708200000|
| 131|0x0000000708300000, 0x0000000708300000, 0x0000000708400000|  0%| F|  |TS  0|AC  0|TAMS 0x0000000708300000, 0x0000000708300000|
| 132|0x0000000708400000, 0x0000000708400000, 0x0000000708500000|  0%| F|  |TS  0|AC  0|TAMS 0x0000000708400000, 0x0000000708400000|
| 133|0x0000000708500000, 0x0000000708500000, 0x0000000708600000|  0%| F|  |TS  0|AC  0|TAMS 0x0000000708500000, 0x0000000708500000|
| 134|0x0000000708600000, 0x0000000708600000, 0x0000000708700000|  0%| F|  |TS  0|AC  0|TAMS 0x0000000708600000, 0x0000000708600000|
| 135|0x0000000708700000, 0x0000000708700000, 0x0000000708800000|  0%| F|  |TS  0|AC  0|TAMS 0x0000000708700000, 0x0000000708700000|
| 136|0x0000000708800000, 0x0000000708800000, 0x0000000708900000|  0%| F|  |TS  0|AC  0|TAMS 0x0000000708800000, 0x0000000708800000|
| 137|0x0000000708900000, 0x0000000708900000, 0x0000000708a00000|  0%| F|  |TS  0|AC  0|TAMS 0x0000000708900000, 0x0000000708900000|
| 138|0x0000000708a00000, 0x0000000708a00000, 0x0000000708b00000|  0%| F|  |TS  0|AC  0|TAMS 0x0000000708a00000, 0x0000000708a00000|
| 139|0x0000000708b00000, 0x0000000708b00000, 0x0000000708c00000|  0%| F|  |TS  0|AC  0|TAMS 0x0000000708b00000, 0x0000000708b00000|
| 140|0x0000000708c00000, 0x0000000708c00000, 0x0000000708d00000|  0%| F|  |TS  0|AC  0|TAMS 0x0000000708c00000, 0x0000000708c00000|
| 141|0x0000000708d00000, 0x0000000708d00000, 0x0000000708e00000|  0%| F|  |TS  0|AC  0|TAMS 0x0000000708d00000, 0x0000000708d00000|
| 142|0x0000000708e00000, 0x0000000708e00000, 0x0000000708f00000|  0%| F|  |TS  0|AC  0|TAMS 0x0000000708e00000, 0x0000000708e00000|
| 143|0x0000000708f00000, 0x0000000708f00000, 0x0000000709000000|  0%| F|  |TS  0|AC  0|TAMS 0x0000000708f00000, 0x0000000708f00000|
| 144|0x0000000709000000, 0x0000000709000000, 0x0000000709100000|  0%| F|  |TS  0|AC  0|TAMS 0x0000000709000000, 0x0000000709000000|
| 145|0x0000000709100000, 0x0000000709100000, 0x0000000709200000|  0%| F|  |TS  0|AC  0|TAMS 0x0000000709100000, 0x0000000709100000|
| 146|0x0000000709200000, 0x0000000709200000, 0x0000000709300000|  0%| F|  |TS  0|AC  0|TAMS 0x0000000709200000, 0x0000000709200000|
| 147|0x0000000709300000, 0x0000000709300000, 0x0000000709400000|  0%| F|  |TS  0|AC  0|TAMS 0x0000000709300000, 0x0000000709300000|
| 148|0x0000000709400000, 0x0000000709400000, 0x0000000709500000|  0%| F|  |TS  0|AC  0|TAMS 0x0000000709400000, 0x0000000709400000|
| 149|0x0000000709500000, 0x000000070955e800, 0x0000000709600000| 36%| S|CS|TS 15|AC  0|TAMS 0x0000000709500000, 0x0000000709500000|
| 150|0x0000000709600000, 0x0000000709600000, 0x0000000709700000|  0%| F|  |TS 15|AC  0|TAMS 0x0000000709600000, 0x0000000709600000|
| 151|0x0000000709700000, 0x0000000709700000, 0x0000000709800000|  0%| F|  |TS 15|AC  0|TAMS 0x0000000709700000, 0x0000000709700000|
| 152|0x0000000709800000, 0x0000000709800000, 0x0000000709900000|  0%| F|  |TS 15|AC  0|TAMS 0x0000000709800000, 0x0000000709800000|
| 153|0x0000000709900000, 0x0000000709900000, 0x0000000709a00000|  0%| F|  |TS 15|AC  0|TAMS 0x0000000709900000, 0x0000000709900000|
| 154|0x0000000709a00000, 0x0000000709b00000, 0x0000000709b00000|100%| S|CS|TS 15|AC  0|TAMS 0x0000000709a00000, 0x0000000709a00000|
| 155|0x0000000709b00000, 0x0000000709c00000, 0x0000000709c00000|100%| S|CS|TS 15|AC  0|TAMS 0x0000000709b00000, 0x0000000709b00000|
| 156|0x0000000709c00000, 0x0000000709d00000, 0x0000000709d00000|100%| S|CS|TS 15|AC  0|TAMS 0x0000000709c00000, 0x0000000709c00000|
| 157|0x0000000709d00000, 0x0000000709e00000, 0x0000000709e00000|100%| S|CS|TS 15|AC  0|TAMS 0x0000000709d00000, 0x0000000709d00000|
| 158|0x0000000709e00000, 0x0000000709e00000, 0x0000000709f00000|  0%| F|  |TS 15|AC  0|TAMS 0x0000000709e00000, 0x0000000709e00000|
| 159|0x0000000709f00000, 0x0000000709f00000, 0x000000070a000000|  0%| F|  |TS 15|AC  0|TAMS 0x0000000709f00000, 0x0000000709f00000|
| 160|0x000000070a000000, 0x000000070a000000, 0x000000070a100000|  0%| F|  |TS 15|AC  0|TAMS 0x000000070a000000, 0x000000070a000000|
| 161|0x000000070a100000, 0x000000070a100000, 0x000000070a200000|  0%| F|  |TS 15|AC  0|TAMS 0x000000070a100000, 0x000000070a100000|
| 162|0x000000070a200000, 0x000000070a200000, 0x000000070a300000|  0%| F|  |TS 15|AC  0|TAMS 0x000000070a200000, 0x000000070a200000|
| 163|0x000000070a300000, 0x000000070a300000, 0x000000070a400000|  0%| F|  |TS 15|AC  0|TAMS 0x000000070a300000, 0x000000070a300000|
| 164|0x000000070a400000, 0x000000070a400000, 0x000000070a500000|  0%| F|  |TS 15|AC  0|TAMS 0x000000070a400000, 0x000000070a400000|
| 165|0x000000070a500000, 0x000000070a500000, 0x000000070a600000|  0%| F|  |TS 15|AC  0|TAMS 0x000000070a500000, 0x000000070a500000|
| 166|0x000000070a600000, 0x000000070a600000, 0x000000070a700000|  0%| F|  |TS 15|AC  0|TAMS 0x000000070a600000, 0x000000070a600000|
| 167|0x000000070a700000, 0x000000070a700000, 0x000000070a800000|  0%| F|  |TS 15|AC  0|TAMS 0x000000070a700000, 0x000000070a700000|
| 168|0x000000070a800000, 0x000000070a800000, 0x000000070a900000|  0%| F|  |TS 15|AC  0|TAMS 0x000000070a800000, 0x000000070a800000|
| 169|0x000000070a900000, 0x000000070a900000, 0x000000070aa00000|  0%| F|  |TS 15|AC  0|TAMS 0x000000070a900000, 0x000000070a900000|
| 170|0x000000070aa00000, 0x000000070aa00000, 0x000000070ab00000|  0%| F|  |TS 15|AC  0|TAMS 0x000000070aa00000, 0x000000070aa00000|
| 171|0x000000070ab00000, 0x000000070ab00000, 0x000000070ac00000|  0%| F|  |TS 15|AC  0|TAMS 0x000000070ab00000, 0x000000070ab00000|
| 172|0x000000070ac00000, 0x000000070ac00000, 0x000000070ad00000|  0%| F|  |TS 15|AC  0|TAMS 0x000000070ac00000, 0x000000070ac00000|
| 173|0x000000070ad00000, 0x000000070ad00000, 0x000000070ae00000|  0%| F|  |TS 15|AC  0|TAMS 0x000000070ad00000, 0x000000070ad00000|
| 174|0x000000070ae00000, 0x000000070ae00000, 0x000000070af00000|  0%| F|  |TS 15|AC  0|TAMS 0x000000070ae00000, 0x000000070ae00000|
| 175|0x000000070af00000, 0x000000070af00000, 0x000000070b000000|  0%| F|  |TS 15|AC  0|TAMS 0x000000070af00000, 0x000000070af00000|
| 176|0x000000070b000000, 0x000000070b000000, 0x000000070b100000|  0%| F|  |TS 15|AC  0|TAMS 0x000000070b000000, 0x000000070b000000|
| 177|0x000000070b100000, 0x000000070b194278, 0x000000070b200000| 57%| E|  |TS 15|AC  0|TAMS 0x000000070b100000, 0x000000070b100000|
| 178|0x000000070b200000, 0x000000070b300000, 0x000000070b300000|100%| E|CS|TS 15|AC  0|TAMS 0x000000070b200000, 0x000000070b200000|
| 179|0x000000070b300000, 0x000000070b400000, 0x000000070b400000|100%| E|CS|TS 15|AC  0|TAMS 0x000000070b300000, 0x000000070b300000|
| 180|0x000000070b400000, 0x000000070b500000, 0x000000070b500000|100%| E|CS|TS 15|AC  0|TAMS 0x000000070b400000, 0x000000070b400000|
| 181|0x000000070b500000, 0x000000070b600000, 0x000000070b600000|100%| E|CS|TS 15|AC  0|TAMS 0x000000070b500000, 0x000000070b500000|
| 182|0x000000070b600000, 0x000000070b700000, 0x000000070b700000|100%| E|CS|TS 15|AC  0|TAMS 0x000000070b600000, 0x000000070b600000|
| 183|0x000000070b700000, 0x000000070b800000, 0x000000070b800000|100%| E|CS|TS 15|AC  0|TAMS 0x000000070b700000, 0x000000070b700000|
| 184|0x000000070b800000, 0x000000070b900000, 0x000000070b900000|100%| E|CS|TS 15|AC  0|TAMS 0x000000070b800000, 0x000000070b800000|
| 185|0x000000070b900000, 0x000000070ba00000, 0x000000070ba00000|100%| E|CS|TS 15|AC  0|TAMS 0x000000070b900000, 0x000000070b900000|
| 186|0x000000070ba00000, 0x000000070bb00000, 0x000000070bb00000|100%| E|CS|TS 15|AC  0|TAMS 0x000000070ba00000, 0x000000070ba00000|
| 187|0x000000070bb00000, 0x000000070bc00000, 0x000000070bc00000|100%| E|CS|TS 15|AC  0|TAMS 0x000000070bb00000, 0x000000070bb00000|
| 188|0x000000070bc00000, 0x000000070bd00000, 0x000000070bd00000|100%| E|CS|TS 15|AC  0|TAMS 0x000000070bc00000, 0x000000070bc00000|
| 189|0x000000070bd00000, 0x000000070be00000, 0x000000070be00000|100%| E|CS|TS 15|AC  0|TAMS 0x000000070bd00000, 0x000000070bd00000|
| 190|0x000000070be00000, 0x000000070bf00000, 0x000000070bf00000|100%| E|CS|TS 15|AC  0|TAMS 0x000000070be00000, 0x000000070be00000|
| 191|0x000000070bf00000, 0x000000070c000000, 0x000000070c000000|100%| E|CS|TS 15|AC  0|TAMS 0x000000070bf00000, 0x000000070bf00000|
| 192|0x000000070c000000, 0x000000070c100000, 0x000000070c100000|100%| E|CS|TS 15|AC  0|TAMS 0x000000070c000000, 0x000000070c000000|
| 193|0x000000070c100000, 0x000000070c200000, 0x000000070c200000|100%| E|CS|TS 15|AC  0|TAMS 0x000000070c100000, 0x000000070c100000|
| 194|0x000000070c200000, 0x000000070c300000, 0x000000070c300000|100%| E|CS|TS 15|AC  0|TAMS 0x000000070c200000, 0x000000070c200000|
| 195|0x000000070c300000, 0x000000070c400000, 0x000000070c400000|100%| E|CS|TS 15|AC  0|TAMS 0x000000070c300000, 0x000000070c300000|
| 196|0x000000070c400000, 0x000000070c500000, 0x000000070c500000|100%| E|CS|TS 15|AC  0|TAMS 0x000000070c400000, 0x000000070c400000|
| 197|0x000000070c500000, 0x000000070c600000, 0x000000070c600000|100%| E|CS|TS 15|AC  0|TAMS 0x000000070c500000, 0x000000070c500000|
| 198|0x000000070c600000, 0x000000070c700000, 0x000000070c700000|100%| E|CS|TS 15|AC  0|TAMS 0x000000070c600000, 0x000000070c600000|
| 199|0x000000070c700000, 0x000000070c800000, 0x000000070c800000|100%| E|CS|TS 15|AC  0|TAMS 0x000000070c700000, 0x000000070c700000|
| 200|0x000000070c800000, 0x000000070c900000, 0x000000070c900000|100%| E|CS|TS 15|AC  0|TAMS 0x000000070c800000, 0x000000070c800000|
| 201|0x000000070c900000, 0x000000070ca00000, 0x000000070ca00000|100%| E|CS|TS 15|AC  0|TAMS 0x000000070c900000, 0x000000070c900000|
| 202|0x000000070ca00000, 0x000000070cb00000, 0x000000070cb00000|100%| E|CS|TS 15|AC  0|TAMS 0x000000070ca00000, 0x000000070ca00000|
| 203|0x000000070cb00000, 0x000000070cc00000, 0x000000070cc00000|100%| E|CS|TS 15|AC  0|TAMS 0x000000070cb00000, 0x000000070cb00000|
| 204|0x000000070cc00000, 0x000000070cd00000, 0x000000070cd00000|100%| E|CS|TS 15|AC  0|TAMS 0x000000070cc00000, 0x000000070cc00000|
| 205|0x000000070cd00000, 0x000000070ce00000, 0x000000070ce00000|100%| E|CS|TS 15|AC  0|TAMS 0x000000070cd00000, 0x000000070cd00000|
| 206|0x000000070ce00000, 0x000000070cf00000, 0x000000070cf00000|100%| E|CS|TS 15|AC  0|TAMS 0x000000070ce00000, 0x000000070ce00000|
| 207|0x000000070cf00000, 0x000000070d000000, 0x000000070d000000|100%| E|CS|TS 15|AC  0|TAMS 0x000000070cf00000, 0x000000070cf00000|
| 208|0x000000070d000000, 0x000000070d100000, 0x000000070d100000|100%| E|CS|TS 15|AC  0|TAMS 0x000000070d000000, 0x000000070d000000|
| 209|0x000000070d100000, 0x000000070d200000, 0x000000070d200000|100%| E|CS|TS 15|AC  0|TAMS 0x000000070d100000, 0x000000070d100000|
| 210|0x000000070d200000, 0x000000070d300000, 0x000000070d300000|100%| E|CS|TS 15|AC  0|TAMS 0x000000070d200000, 0x000000070d200000|
| 211|0x000000070d300000, 0x000000070d400000, 0x000000070d400000|100%| E|CS|TS 15|AC  0|TAMS 0x000000070d300000, 0x000000070d300000|
| 212|0x000000070d400000, 0x000000070d500000, 0x000000070d500000|100%| E|CS|TS 15|AC  0|TAMS 0x000000070d400000, 0x000000070d400000|
| 213|0x000000070d500000, 0x000000070d600000, 0x000000070d600000|100%| E|CS|TS 15|AC  0|TAMS 0x000000070d500000, 0x000000070d500000|

Card table byte_map: [0x000002789d3c0000,0x000002789d9c0000] byte_map_base: 0x0000027899bc0000

Marking Bits (Prev, Next): (CMBitMap*) 0x000002789c5789f8, (CMBitMap*) 0x000002789c5789c0
 Prev Bits: [0x00000278b7d50000, 0x00000278bad50000)
 Next Bits: [0x00000278b4d50000, 0x00000278b7d50000)

Polling page: 0x00000278937d0000

CodeHeap 'non-profiled nmethods': size=120000Kb used=15763Kb max_used=15763Kb free=104236Kb
 bounds [0x00000278ad220000, 0x00000278ae190000, 0x00000278b4750000]
CodeHeap 'profiled nmethods': size=120000Kb used=39209Kb max_used=40185Kb free=80790Kb
 bounds [0x00000278a5cf0000, 0x00000278a8480000, 0x00000278ad220000]
CodeHeap 'non-nmethods': size=5760Kb used=1742Kb max_used=1800Kb free=4017Kb
 bounds [0x00000278a5750000, 0x00000278a59c0000, 0x00000278a5cf0000]
 total_blobs=24787 nmethods=14799 adapters=1060
 compilation: enabled

Compilation events (10 events):
Event: 225.611 Thread 0x000002789bcf5800 17512       3       java.lang.invoke.MethodHandleImpl::valueConversion (325 bytes)
Event: 225.613 Thread 0x000002789bcf5800 nmethod 17512 0x00000278a6e18f10 code [0x00000278a6e19220, 0x00000278a6e1a610]
Event: 225.618 Thread 0x000002789673e800 17513       4       sun.font.StandardGlyphVector::initPositions (229 bytes)
Event: 225.621 Thread 0x000002789bcf5800 17514       3       sun.swing.SwingUtilities2$LSBCacheEntry::equals (55 bytes)
Event: 225.621 Thread 0x000002789bcf5800 nmethod 17514 0x00000278a6a8d990 code [0x00000278a6a8db80, 0x00000278a6a8e100]
Event: 225.625 Thread 0x000002789673e800 nmethod 17513 0x00000278ae184e90 code [0x00000278ae185060, 0x00000278ae1856d8]
Event: 225.634 Thread 0x000002789bcf5800 17515       3       ui.data.common.a::toString (18 bytes)
Event: 225.636 Thread 0x000002789bcf5800 nmethod 17515 0x00000278a710a010 code [0x00000278a710a4e0, 0x00000278a710d340]
Event: 225.648 Thread 0x000002789bcf5800 17516       3       de.javasoft.plaf.synthetica.painter.TextComponentPainter::paintBackground (1122 bytes)
Event: 225.649 Thread 0x000002789c845000 17520       4       sun.java2d.SunGraphics2D::setColor (108 bytes)

GC Heap History (10 events):
Event: 105.285 GC heap before
{Heap before GC invocations=67 (full 15):
 garbage-first heap   total 219136K, used 132704K [0x0000000700000000, 0x00000007001006b0, 0x00000007c0000000)
  region size 1024K, 60 young (61440K), 4 survivors (4096K)
 Metaspace       used 79150K, capacity 84677K, committed 84784K, reserved 1122304K
  class space    used 11101K, capacity 12071K, committed 12080K, reserved 1048576K
}
Event: 105.290 GC heap after
{Heap after GC invocations=68 (full 15):
 garbage-first heap   total 219136K, used 74271K [0x0000000700000000, 0x00000007001006b0, 0x00000007c0000000)
  region size 1024K, 4 young (4096K), 4 survivors (4096K)
 Metaspace       used 79150K, capacity 84677K, committed 84784K, reserved 1122304K
  class space    used 11101K, capacity 12071K, committed 12080K, reserved 1048576K
}
Event: 124.911 GC heap before
{Heap before GC invocations=68 (full 15):
 garbage-first heap   total 219136K, used 131615K [0x0000000700000000, 0x00000007001006b0, 0x00000007c0000000)
  region size 1024K, 60 young (61440K), 4 survivors (4096K)
 Metaspace       used 79329K, capacity 84881K, committed 85040K, reserved 1122304K
  class space    used 11102K, capacity 12073K, committed 12080K, reserved 1048576K
}
Event: 124.916 GC heap after
{Heap after GC invocations=69 (full 15):
 garbage-first heap   total 219136K, used 74357K [0x0000000700000000, 0x00000007001006b0, 0x00000007c0000000)
  region size 1024K, 4 young (4096K), 4 survivors (4096K)
 Metaspace       used 79329K, capacity 84881K, committed 85040K, reserved 1122304K
  class space    used 11102K, capacity 12073K, committed 12080K, reserved 1048576K
}
Event: 129.667 GC heap before
{Heap before GC invocations=69 (full 15):
 garbage-first heap   total 219136K, used 131701K [0x0000000700000000, 0x00000007001006b0, 0x00000007c0000000)
  region size 1024K, 60 young (61440K), 4 survivors (4096K)
 Metaspace       used 79427K, capacity 84951K, committed 85040K, reserved 1122304K
  class space    used 11102K, capacity 12074K, committed 12080K, reserved 1048576K
}
Event: 129.672 GC heap after
{Heap after GC invocations=70 (full 15):
 garbage-first heap   total 219136K, used 74810K [0x0000000700000000, 0x00000007001006b0, 0x00000007c0000000)
  region size 1024K, 5 young (5120K), 5 survivors (5120K)
 Metaspace       used 79427K, capacity 84951K, committed 85040K, reserved 1122304K
  class space    used 11102K, capacity 12074K, committed 12080K, reserved 1048576K
}
Event: 142.896 GC heap before
{Heap before GC invocations=70 (full 15):
 garbage-first heap   total 219136K, used 131130K [0x0000000700000000, 0x00000007001006b0, 0x00000007c0000000)
  region size 1024K, 60 young (61440K), 5 survivors (5120K)
 Metaspace       used 79540K, capacity 85079K, committed 85296K, reserved 1122304K
  class space    used 11105K, capacity 12074K, committed 12080K, reserved 1048576K
}
Event: 142.902 GC heap after
{Heap after GC invocations=71 (full 15):
 garbage-first heap   total 219136K, used 74786K [0x0000000700000000, 0x00000007001006b0, 0x00000007c0000000)
  region size 1024K, 5 young (5120K), 5 survivors (5120K)
 Metaspace       used 79540K, capacity 85079K, committed 85296K, reserved 1122304K
  class space    used 11105K, capacity 12074K, committed 12080K, reserved 1048576K
}
Event: 214.880 GC heap before
{Heap before GC invocations=71 (full 15):
 garbage-first heap   total 219136K, used 131106K [0x0000000700000000, 0x00000007001006b0, 0x00000007c0000000)
  region size 1024K, 60 young (61440K), 5 survivors (5120K)
 Metaspace       used 79921K, capacity 85469K, committed 85680K, reserved 1122304K
  class space    used 11147K, capacity 12139K, committed 12208K, reserved 1048576K
}
Event: 214.885 GC heap after
{Heap after GC invocations=72 (full 15):
 garbage-first heap   total 219136K, used 74985K [0x0000000700000000, 0x00000007001006b0, 0x00000007c0000000)
  region size 1024K, 5 young (5120K), 5 survivors (5120K)
 Metaspace       used 79921K, capacity 85469K, committed 85680K, reserved 1122304K
  class space    used 11147K, capacity 12139K, committed 12208K, reserved 1048576K
}

Deoptimization events (10 events):
Event: 224.297 Thread 0x00000278be543800 Uncommon trap: reason=class_check action=maybe_recompile pc=0x00000278ad98c1a4 method=java.awt.KeyboardFocusManager.clearMostRecentFocusOwner(Ljava/awt/Component;)V @ 67 c2
Event: 224.297 Thread 0x00000278be543800 Uncommon trap: reason=unstable_if action=reinterpret pc=0x00000278ad8ad66c method=java.awt.Component.disable()V @ 27 c2
Event: 224.299 Thread 0x00000278be543800 Uncommon trap: reason=unstable_if action=reinterpret pc=0x00000278adb84e54 method=sun.nio.cs.DoubleByte$Encoder.encodeArrayLoop(Ljava/nio/CharBuffer;Ljava/nio/ByteBuffer;)Ljava/nio/charset/CoderResult; @ 218 c2
Event: 224.300 Thread 0x00000278be543800 Uncommon trap: reason=unstable_if action=reinterpret pc=0x00000278adb2f36c method=sun.nio.cs.DoubleByte$Encoder.encodeArrayLoop(Ljava/nio/CharBuffer;Ljava/nio/ByteBuffer;)Ljava/nio/charset/CoderResult; @ 218 c2
Event: 224.311 Thread 0x00000278be543800 Uncommon trap: reason=class_check action=maybe_recompile pc=0x00000278ad98c1a4 method=java.awt.KeyboardFocusManager.clearMostRecentFocusOwner(Ljava/awt/Component;)V @ 67 c2
Event: 224.315 Thread 0x00000278be543800 Uncommon trap: reason=unstable_if action=reinterpret pc=0x00000278ad77452c method=java.awt.EventQueue.removeSourceEvents(Ljava/lang/Object;Z)V @ 66 c2
Event: 224.315 Thread 0x00000278be543800 Uncommon trap: reason=unstable_if action=reinterpret pc=0x00000278ad5269a8 method=java.awt.Container.dispatchEventImpl(Ljava/awt/AWTEvent;)V @ 26 c2
Event: 224.331 Thread 0x00000278be543800 Uncommon trap: reason=class_check action=maybe_recompile pc=0x00000278ada0425c method=java.awt.Component.addNotify()V @ 200 c2
Event: 224.353 Thread 0x00000278be543800 Uncommon trap: reason=null_check action=make_not_entrant pc=0x00000278ad602ba0 method=java.awt.Component.getNativeContainer()Ljava/awt/Container; @ 13 c2
Event: 225.612 Thread 0x00000278be543800 Uncommon trap: reason=unstable_if action=reinterpret pc=0x00000278adb12b40 method=java.util.HashMap$HashIterator.<init>(Ljava/util/HashMap;)V @ 45 c2

Classes redefined (0 events):
No events

Internal exceptions (10 events):
Event: 103.789 Thread 0x00000278be543800 Exception <a 'java/lang/NoSuchMethodError'{0x000000070aa29b18}: method resolution failed> (0x000000070aa29b18) thrown at [t:/workspace/hotspot/src/share/vm/prims/methodHandles.cpp, line 1256]
Event: 103.789 Thread 0x00000278be543800 Exception <a 'java/lang/NoSuchMethodError'{0x000000070aa2f670}: java.lang.invoke.DelegatingMethodHandle$Holder.reinvoke_L(Ljava/lang/Object;Ljava/lang/Object;IILjava/lang/Object;Ljava/lang/Object;Ljava/lang/Object;Ljava/lang/Object;Ljava/lang/Object;Ljava
Event: 103.792 Thread 0x00000278be543800 Exception <a 'java/lang/NoSuchMethodError'{0x000000070a949528}: java.lang.invoke.DirectMethodHandle$Holder.invokeSpecial(Ljava/lang/Object;Ljava/lang/Object;IILjava/lang/Object;Ljava/lang/Object;Ljava/lang/Object;Ljava/lang/Object;Ljava/lang/Object;Ljava/
Event: 103.792 Thread 0x00000278be543800 Exception <a 'java/lang/NoSuchMethodError'{0x000000070a94e418}: java.lang.invoke.DelegatingMethodHandle$Holder.reinvoke_L(Ljava/lang/Object;IILjava/lang/Object;Ljava/lang/Object;Ljava/lang/Object;Ljava/lang/Object;Ljava/lang/Object;Ljava/lang/Object;Ljava
Event: 103.795 Thread 0x00000278be543800 Exception <a 'java/lang/NoSuchMethodError'{0x000000070a81d168}: java.lang.invoke.DirectMethodHandle$Holder.invokeSpecial(Ljava/lang/Object;Ljava/lang/Object;Ljava/lang/Object;Ljava/lang/Object;Ljava/lang/Object;Ljava/lang/Object;Ljava/lang/Object;Ljava/la
Event: 104.142 Thread 0x00000278c27bb800 Exception <a 'java/lang/InterruptedException'{0x000000070a2917d8}: sleep interrupted> (0x000000070a2917d8) thrown at [t:/workspace/hotspot/src/share/vm/prims/jvm.cpp, line 2984]
Event: 124.917 Thread 0x000002789bbe9800 Implicit null exception at 0x00000278adfca694 to 0x00000278adfcc5a9
Event: 143.362 Thread 0x00000278be543800 Implicit null exception at 0x00000278adb59c4a to 0x00000278adb5b1b5
Event: 224.300 Thread 0x00000278c27be800 Exception <a 'java/lang/InterruptedException'{0x000000070c080840}: sleep interrupted> (0x000000070c080840) thrown at [t:/workspace/hotspot/src/share/vm/prims/jvm.cpp, line 3023]
Event: 224.353 Thread 0x00000278be543800 Implicit null exception at 0x00000278ad602b10 to 0x00000278ad602b91

Events (10 events):
Event: 225.612 loading class ui/views/dD done
Event: 225.612 Thread 0x00000278be543800 Uncommon trap: trap_request=0xffffff5d fr.pc=0x00000278adb12b40 relative=0x0000000000000280
Event: 225.613 Thread 0x00000278be543800 DEOPT PACKING pc=0x00000278adb12b40 sp=0x000000d1126f6cd0
Event: 225.613 Thread 0x00000278be543800 DEOPT UNPACKING pc=0x00000278a579df29 sp=0x000000d1126f6bb8 mode 2
Event: 225.613 loading class ui/data/design/w
Event: 225.613 loading class ui/data/design/w done
Event: 225.615 loading class ui/views/dd
Event: 225.615 loading class ui/views/dd done
Event: 225.618 loading class ui/views/cY
Event: 225.618 loading class ui/views/cY done


Dynamic libraries:
0x00007ff78bcc0000 - 0x00007ff78bcf0000 	E:\vivaoinstall\Vivado\2019.1\bin\unwrapped\win64.o\vivado.exe
0x00007ffb6e930000 - 0x00007ffb6eb25000 	C:\WINDOWS\SYSTEM32\ntdll.dll
0x00007ffb6d6b0000 - 0x00007ffb6d76e000 	C:\WINDOWS\System32\KERNEL32.DLL
0x00007ffb6c4f0000 - 0x00007ffb6c7b9000 	C:\WINDOWS\System32\KERNELBASE.dll
0x00007ffb6c3f0000 - 0x00007ffb6c4f0000 	C:\WINDOWS\System32\ucrtbase.dll
0x00007ffb64b80000 - 0x00007ffb64b94000 	E:\vivaoinstall\Vivado\2019.1\lib\win64.o\libboost_signals.dll
0x00007ffb568c0000 - 0x00007ffb5694d000 	C:\WINDOWS\SYSTEM32\MSVCP140.dll
0x00007ffb24a70000 - 0x00007ffb25952000 	E:\vivaoinstall\Vivado\2019.1\lib\win64.o\librdi_common.dll
0x00007ffb62e60000 - 0x00007ffb62e74000 	E:\vivaoinstall\Vivado\2019.1\lib\win64.o\librdi_commonmain.dll
0x00007ffb6c980000 - 0x00007ffb6cb21000 	C:\WINDOWS\System32\USER32.dll
0x00007ffb6c270000 - 0x00007ffb6c292000 	C:\WINDOWS\System32\win32u.dll
0x00007ffb6e440000 - 0x00007ffb6e46b000 	C:\WINDOWS\System32\GDI32.dll
0x00007ffb6c0d0000 - 0x00007ffb6c1db000 	C:\WINDOWS\System32\gdi32full.dll
0x00007ffb6c350000 - 0x00007ffb6c3ed000 	C:\WINDOWS\System32\msvcp_win.dll
0x00007ffb6d150000 - 0x00007ffb6d1fc000 	C:\WINDOWS\System32\ADVAPI32.dll
0x00007ffb6cb30000 - 0x00007ffb6cbce000 	C:\WINDOWS\System32\msvcrt.dll
0x00007ffb6e130000 - 0x00007ffb6e1cb000 	C:\WINDOWS\System32\sechost.dll
0x00007ffb6d580000 - 0x00007ffb6d6aa000 	C:\WINDOWS\System32\RPCRT4.dll
0x00007ffb6d9f0000 - 0x00007ffb6e12f000 	C:\WINDOWS\System32\SHELL32.dll
0x00007ffb57ac0000 - 0x00007ffb57ada000 	C:\WINDOWS\SYSTEM32\VCRUNTIME140.dll
0x00007ffb245d0000 - 0x00007ffb2493e000 	E:\vivaoinstall\Vivado\2019.1\lib\win64.o\libCOIN-all.dll
0x00007ffb56e30000 - 0x00007ffb56e3c000 	C:\WINDOWS\SYSTEM32\VCRUNTIME140_1.dll
0x00007ffb61310000 - 0x00007ffb61336000 	E:\vivaoinstall\Vivado\2019.1\lib\win64.o\libboost_filesystem.dll
0x00007ffb58960000 - 0x00007ffb58974000 	E:\vivaoinstall\Vivado\2019.1\lib\win64.o\libboost_date_time.dll
0x00007ffb40590000 - 0x00007ffb4060f000 	E:\vivaoinstall\Vivado\2019.1\lib\win64.o\libboost_program_options.dll
0x00007ffb2f2b0000 - 0x00007ffb2f3c4000 	E:\vivaoinstall\Vivado\2019.1\lib\win64.o\libboost_regex.dll
0x00007ffb61300000 - 0x00007ffb6130b000 	E:\vivaoinstall\Vivado\2019.1\lib\win64.o\libboost_system.dll
0x00007ffb57ba0000 - 0x00007ffb57baf000 	E:\vivaoinstall\Vivado\2019.1\lib\win64.o\libboost_xilinx.dll
0x00007ffb57bb0000 - 0x00007ffb57bd1000 	E:\vivaoinstall\Vivado\2019.1\lib\win64.o\libboost_thread.dll
0x00007ffb64b70000 - 0x00007ffb64b7a000 	E:\vivaoinstall\Vivado\2019.1\lib\win64.o\librdi_commonversion.dll
0x00007ffb335a0000 - 0x00007ffb33622000 	E:\vivaoinstall\Vivado\2019.1\lib\win64.o\libhdlpsolve.dll
0x0000000050e50000 - 0x0000000050f7b000 	E:\vivaoinstall\Vivado\2019.1\lib\win64.o\tcl85t.dll
0x00007ffb24940000 - 0x00007ffb24a61000 	E:\vivaoinstall\Vivado\2019.1\lib\win64.o\librdi_commonxillic.dll
0x00007ffb6d510000 - 0x00007ffb6d57b000 	C:\WINDOWS\System32\WS2_32.dll
0x00007ffb31fe0000 - 0x00007ffb32085000 	E:\vivaoinstall\Vivado\2019.1\lib\win64.o\libhdxml.dll
0x00007ffb23a20000 - 0x00007ffb245cf400 	E:\vivaoinstall\Vivado\2019.1\lib\win64.o\libisl_iostreams.dll
0x00007ffb57ae0000 - 0x00007ffb57b0e000 	E:\vivaoinstall\Vivado\2019.1\lib\win64.o\libisl_sysinfo.dll
0x00007ffb3b040000 - 0x00007ffb3b0a5000 	E:\vivaoinstall\Vivado\2019.1\lib\win64.o\liblmx6.0.dll
0x00007ffb57350000 - 0x00007ffb5736a000 	E:\vivaoinstall\Vivado\2019.1\lib\win64.o\pthreadVC2.dll
0x00007ffb57210000 - 0x00007ffb5722c000 	E:\vivaoinstall\Vivado\2019.1\lib\win64.o\librdiconfig.dll
0x00007ffb571e0000 - 0x00007ffb57201000 	E:\vivaoinstall\Vivado\2019.1\lib\win64.o\librdizlib.dll
0x00007ffb56d60000 - 0x00007ffb56d78000 	C:\WINDOWS\SYSTEM32\NETAPI32.dll
0x0000000012000000 - 0x0000000012270000 	E:\vivaoinstall\Vivado\2019.1\lib\win64.o\xerces-c_3_1.dll
0x00007ffb54ce0000 - 0x00007ffb551b0000 	C:\WINDOWS\SYSTEM32\WININET.dll
0x00007ffb686e0000 - 0x00007ffb687e8000 	C:\WINDOWS\SYSTEM32\WINHTTP.dll
0x00007ffb5a4c0000 - 0x00007ffb5a6ab000 	C:\WINDOWS\SYSTEM32\urlmon.dll
0x00007ffb531c0000 - 0x00007ffb531c9000 	C:\WINDOWS\SYSTEM32\WSOCK32.dll
0x00007ffb22b80000 - 0x00007ffb23a11000 	E:\vivaoinstall\Vivado\2019.1\lib\win64.o\gurobi65.dll
0x00007ffb57340000 - 0x00007ffb5734d000 	E:\vivaoinstall\Vivado\2019.1\lib\win64.o\libboost_chrono.dll
0x00007ffb57090000 - 0x00007ffb570be000 	C:\WINDOWS\SYSTEM32\VCOMP140.DLL
0x00007ffb228a0000 - 0x00007ffb22b78000 	E:\vivaoinstall\Vivado\2019.1\lib\win64.o\libXil_lmgr11.dll
0x00007ffb6d200000 - 0x00007ffb6d2da000 	C:\WINDOWS\System32\COMDLG32.dll
0x00007ffb6cd00000 - 0x00007ffb6d055000 	C:\WINDOWS\System32\combase.dll
0x00007ffb6e1d0000 - 0x00007ffb6e27e000 	C:\WINDOWS\System32\shcore.dll
0x00007ffb6d800000 - 0x00007ffb6d855000 	C:\WINDOWS\System32\SHLWAPI.dll
0x00007ffb57070000 - 0x00007ffb5708b000 	E:\vivaoinstall\Vivado\2019.1\lib\win64.o\libboost_iostreams.dll
0x00007ffb2fd50000 - 0x00007ffb2fd75000 	E:\vivaoinstall\Vivado\2019.1\lib\win64.o\libisl_iosutils.dll
0x00007ffb5cfe0000 - 0x00007ffb5d290000 	C:\WINDOWS\SYSTEM32\iertutil.dll
0x00007ffb6d8c0000 - 0x00007ffb6d98d000 	C:\WINDOWS\System32\OLEAUT32.dll
0x00007ffb6cbd0000 - 0x00007ffb6ccfa000 	C:\WINDOWS\System32\ole32.dll
0x00007ffb6c7c0000 - 0x00007ffb6c820000 	C:\WINDOWS\System32\WINTRUST.dll
0x00007ffb6c820000 - 0x00007ffb6c976000 	C:\WINDOWS\System32\CRYPT32.dll
0x00007ffb5d290000 - 0x00007ffb5d2b8000 	C:\WINDOWS\SYSTEM32\srvcli.dll
0x00007ffb6b650000 - 0x00007ffb6b65c000 	C:\WINDOWS\SYSTEM32\netutils.dll
0x00007ffb2c5e0000 - 0x00007ffb2c690000 	C:\WINDOWS\WinSxS\amd64_microsoft.windows.common-controls_6595b64144ccf1df_5.82.19041.1110_none_792d1c772443f647\COMCTL32.dll
0x00007ffb617f0000 - 0x00007ffb6180d000 	C:\WINDOWS\SYSTEM32\dhcpcsvc.DLL
0x00007ffb6d060000 - 0x00007ffb6d090000 	C:\WINDOWS\System32\IMM32.DLL
0x00007ffb6bc30000 - 0x00007ffb6bc42000 	C:\WINDOWS\SYSTEM32\MSASN1.dll
0x00007ffb6a8d0000 - 0x00007ffb6a8e2000 	C:\WINDOWS\SYSTEM32\kernel.appcore.dll
0x00007ffb22380000 - 0x00007ffb22897000 	E:\vivaoinstall\Vivado\2019.1\lib\win64.o\librdi_commontasks.dll
0x00007ffb61500000 - 0x00007ffb6150a000 	C:\WINDOWS\SYSTEM32\VERSION.dll
0x0000000050420000 - 0x0000000050e45000 	E:\vivaoinstall\Vivado\2019.1\tps\win64\jre9.0.4\bin\server\jvm.dll
0x00007ffb220f0000 - 0x00007ffb22376000 	E:\vivaoinstall\Vivado\2019.1\lib\win64.o\librdi_sio.dll
0x00007ffb6d090000 - 0x00007ffb6d098000 	C:\WINDOWS\System32\PSAPI.DLL
0x00007ffb6b4a0000 - 0x00007ffb6b4db000 	C:\WINDOWS\SYSTEM32\IPHLPAPI.DLL
0x00007ffb6b800000 - 0x00007ffb6b86a000 	C:\WINDOWS\SYSTEM32\MSWSOCK.DLL
0x00007ffb55610000 - 0x00007ffb55637000 	C:\WINDOWS\SYSTEM32\WINMM.dll
0x00007ffb51590000 - 0x00007ffb5167f000 	C:\WINDOWS\SYSTEM32\MSVCR120.dll
0x00007ffb6a130000 - 0x00007ffb6a8c0000 	C:\WINDOWS\SYSTEM32\windows.storage.dll
0x00007ffb6baa0000 - 0x00007ffb6bacc000 	C:\WINDOWS\SYSTEM32\Wldp.dll
0x00007ffb1fc30000 - 0x00007ffb220ec000 	E:\vivaoinstall\Vivado\2019.1\lib\win64.o\librdi_tcltasks.dll
0x00007ffb1f820000 - 0x00007ffb1fc28000 	E:\vivaoinstall\Vivado\2019.1\lib\win64.o\librdi_bitstream.dll
0x00007ffb1f680000 - 0x00007ffb1f811000 	E:\vivaoinstall\Vivado\2019.1\lib\win64.o\librdi_board.dll
0x00007ffb2fcd0000 - 0x00007ffb2fd48000 	E:\vivaoinstall\Vivado\2019.1\lib\win64.o\librdi_boarddep.dll
0x00007ffb1f590000 - 0x00007ffb1f67b000 	E:\vivaoinstall\Vivado\2019.1\lib\win64.o\librdi_chipscope.dll
0x00007ffb1f3d0000 - 0x00007ffb1f58d000 	E:\vivaoinstall\Vivado\2019.1\lib\win64.o\librdi_chipscopeimpl.dll
0x00007ffb1d880000 - 0x00007ffb1d9d6000 	E:\vivaoinstall\Vivado\2019.1\lib\win64.o\librdi_containers.dll
0x00007ffb1d9e0000 - 0x00007ffb1f3ca000 	E:\vivaoinstall\Vivado\2019.1\lib\win64.o\librdi_constraints.dll
0x00007ffb1b9c0000 - 0x00007ffb1d871000 	E:\vivaoinstall\Vivado\2019.1\lib\win64.o\librdi_coregen.dll
0x00007ffb1b2e0000 - 0x00007ffb1b9ba000 	E:\vivaoinstall\Vivado\2019.1\lib\win64.o\librdi_coregenipxact.dll
0x00007ffb17290000 - 0x00007ffb1b2d3000 	E:\vivaoinstall\Vivado\2019.1\lib\win64.o\librdi_designutils.dll
0x00007ffb04e60000 - 0x00007ffb1728c000 	E:\vivaoinstall\Vivado\2019.1\lib\win64.o\librdi_device.dll
0x00007ffb04b40000 - 0x00007ffb04e5e000 	E:\vivaoinstall\Vivado\2019.1\lib\win64.o\librdi_dlyest.dll
0x00007ffb045a0000 - 0x00007ffb04b3a000 	E:\vivaoinstall\Vivado\2019.1\lib\win64.o\librdi_drc.dll
0x00007ffb03e80000 - 0x00007ffb044cd000 	E:\vivaoinstall\Vivado\2019.1\lib\win64.o\librdi_filemgmt.dll
0x00007ffb044d0000 - 0x00007ffb04594000 	E:\vivaoinstall\Vivado\2019.1\lib\win64.o\librdi_dsp.dll
0x00007ffb03b90000 - 0x00007ffb03e73000 	E:\vivaoinstall\Vivado\2019.1\lib\win64.o\librdi_guitools.dll
0x00007ffb2f750000 - 0x00007ffb2f7b5000 	E:\vivaoinstall\Vivado\2019.1\lib\win64.o\librdi_hdf.dll
0x00007ffb025d0000 - 0x00007ffb03b90000 	E:\vivaoinstall\Vivado\2019.1\lib\win64.o\librdi_implflow.dll
0x00007ffb01f30000 - 0x00007ffb01fa3000 	E:\vivaoinstall\Vivado\2019.1\lib\win64.o\librdi_memoryarray.dll
0x00007ffb01fb0000 - 0x00007ffb025c5000 	E:\vivaoinstall\Vivado\2019.1\lib\win64.o\librdi_memdata.dll
0x00007ffaff240000 - 0x00007ffb01f26000 	E:\vivaoinstall\Vivado\2019.1\lib\win64.o\librdi_mig.dll
0x00007ffafeb90000 - 0x00007ffaff232000 	E:\vivaoinstall\Vivado\2019.1\lib\win64.o\librdi_netlist.dll
0x00007ffafeb40000 - 0x00007ffafeb8b000 	E:\vivaoinstall\Vivado\2019.1\lib\win64.o\librdi_pfi.dll
0x00007ffafc4c0000 - 0x00007ffafeb36000 	E:\vivaoinstall\Vivado\2019.1\lib\win64.o\librdi_place.dll
0x00007ffafc1b0000 - 0x00007ffafc4bf000 	E:\vivaoinstall\Vivado\2019.1\lib\win64.o\librdi_platform.dll
0x00007ffafba60000 - 0x00007ffafc1aa000 	E:\vivaoinstall\Vivado\2019.1\lib\win64.o\librdi_power.dll
0x00007ffafb4e0000 - 0x00007ffafba5f000 	E:\vivaoinstall\Vivado\2019.1\lib\win64.o\librdi_project.dll
0x00007ffafadd0000 - 0x00007ffafb4d9000 	E:\vivaoinstall\Vivado\2019.1\lib\win64.o\librdi_psta.dll
0x00007ffafa6c0000 - 0x00007ffafadc6000 	E:\vivaoinstall\Vivado\2019.1\lib\win64.o\librdi_rsb.dll
0x00007ffafa2c0000 - 0x00007ffafa6b1000 	E:\vivaoinstall\Vivado\2019.1\lib\win64.o\librdi_runs.dll
0x00007ffafa1c0000 - 0x00007ffafa2ba000 	E:\vivaoinstall\Vivado\2019.1\lib\win64.o\librdi_runsbase.dll
0x00007ffaf9f60000 - 0x00007ffafa1b6000 	E:\vivaoinstall\Vivado\2019.1\lib\win64.o\librdi_simdata.dll
0x00007ffaf9140000 - 0x00007ffaf9f51000 	E:\vivaoinstall\Vivado\2019.1\lib\win64.o\librdi_timing.dll
0x00007ffaf8fc0000 - 0x00007ffaf9132000 	E:\vivaoinstall\Vivado\2019.1\lib\win64.o\librdi_advchipscopeimpl.dll
0x00007ffaf8230000 - 0x00007ffaf827c000 	E:\vivaoinstall\Vivado\2019.1\lib\win64.o\libboost_serialization.dll
0x00007ffaf8e20000 - 0x00007ffaf8fbf000 	E:\vivaoinstall\Vivado\2019.1\lib\win64.o\librdi_hip_devdesign.dll
0x00007ffaf8160000 - 0x00007ffaf8222000 	E:\vivaoinstall\Vivado\2019.1\lib\win64.o\librdi_ipconfig_readwrite.dll
0x00007ffaf8dd0000 - 0x00007ffaf8e13000 	E:\vivaoinstall\Vivado\2019.1\lib\win64.o\librdi_noc_frameworks.dll
0x00007ffaf8280000 - 0x00007ffaf8dc7000 	E:\vivaoinstall\Vivado\2019.1\lib\win64.o\libverific.dll
0x00007ffaf7d70000 - 0x00007ffaf8155000 	E:\vivaoinstall\Vivado\2019.1\lib\win64.o\librdi_hip_config.dll
0x00007ffaf7820000 - 0x00007ffaf7d6e000 	E:\vivaoinstall\Vivado\2019.1\lib\win64.o\librdi_xdm.dll
0x00007ffaf7780000 - 0x00007ffaf781e000 	E:\vivaoinstall\Vivado\2019.1\lib\win64.o\libise.dll
0x00007ffaf7180000 - 0x00007ffaf777c000 	E:\vivaoinstall\Vivado\2019.1\lib\win64.o\librdi_wavedata.dll
0x00007ffaf7140000 - 0x00007ffaf7180000 	E:\vivaoinstall\Vivado\2019.1\lib\win64.o\librdi_wavedata_SimpleApi.dll
0x00007ffaf7100000 - 0x00007ffaf713f000 	E:\vivaoinstall\Vivado\2019.1\lib\win64.o\librdi_schedmon.dll
0x00007ffaf42b0000 - 0x00007ffaf543d000 	E:\vivaoinstall\Vivado\2019.1\lib\win64.o\librdi_route.dll
0x00007ffadfae0000 - 0x00007ffae1aad000 	E:\vivaoinstall\Vivado\2019.1\lib\win64.o\librdi_synth.dll

VM Arguments:
jvm_args: -Dsun.java2d.pmoffscreen=false -Dsun.java2d.xrender=false -Dsun.java2d.d3d=false -Dsun.awt.nopixfmt=true -Dsun.java2d.dpiaware=true -Dsun.java2d.uiScale.enabled=false -Xverify:none -Dswing.aatext=true -XX:-UsePerfData -Djdk.map.althashing.threshold=512 -XX:StringTableSize=4072 --add-opens=java.base/java.nio=ALL-UNNAMED --add-opens=java.desktop/sun.swing=ALL-UNNAMED --add-opens=java.desktop/javax.swing=ALL-UNNAMED --add-opens=java.desktop/javax.swing.tree=ALL-UNNAMED --add-opens=java.desktop/javax.swing.plaf.basic=ALL-UNNAMED --add-opens=java.desktop/javax.swing.plaf.synth=ALL-UNNAMED --add-opens=java.desktop/com.sun.awt=ALL-UNNAMED -XX:NewSize=60m -XX:MaxNewSize=60m -Xms128m -Xmx3072m -Xss5m 
java_command: <unknown>
java_class_path (initial): E:/vivaoinstall/Vivado/2019.1\lib\classes\alloy.jar;E:/vivaoinstall/Vivado/2019.1\lib\classes\autopilot.scelaborator.jar;E:/vivaoinstall/Vivado/2019.1\lib\classes\autopilot.sourceprocessor.jar;E:/vivaoinstall/Vivado/2019.1\lib\classes\autopilot.tbprocessor.jar;E:/vivaoinstall/Vivado/2019.1\lib\classes\batik-anim.jar;E:/vivaoinstall/Vivado/2019.1\lib\classes\batik-awt-util.jar;E:/vivaoinstall/Vivado/2019.1\lib\classes\batik-bridge.jar;E:/vivaoinstall/Vivado/2019.1\lib\classes\batik-codec.jar;E:/vivaoinstall/Vivado/2019.1\lib\classes\batik-css.jar;E:/vivaoinstall/Vivado/2019.1\lib\classes\batik-dom.jar;E:/vivaoinstall/Vivado/2019.1\lib\classes\batik-ext.jar;E:/vivaoinstall/Vivado/2019.1\lib\classes\batik-gui-util.jar;E:/vivaoinstall/Vivado/2019.1\lib\classes\batik-gvt.jar;E:/vivaoinstall/Vivado/2019.1\lib\classes\batik-parser.jar;E:/vivaoinstall/Vivado/2019.1\lib\classes\batik-script.jar;E:/vivaoinstall/Vivado/2019.1\lib\classes\batik-svg-dom.jar;E:/vivaoinstall/Vivado/2019.1\lib\classes\batik-swing.jar;E:/vivaoinstall/Vivado/2019.1\lib\classes\batik-transcoder.jar;E:/vivaoinstall/Vivado/2019.1\lib\classes\batik-util.jar;E:/vivaoinstall/Vivado/2019.1\lib\classes\batik-xml.jar;E:/vivaoinstall/Vivado/2019.1\lib\classes\com.google.gson_2.7.0.v20170129-0911.jar;E:/vivaoinstall/Vivado/2019.1\lib\classes\com.google.guava_21.0.0.v20170206-1425.jar;E:/vivaoinstall/Vivado/2019.1\lib\classes\com.google.inject_3.0.0.v201605172100.jar;E:/vivaoinstall/Vivado/2019.1\lib\classes\com.ibm.icu_4.4.2.v20110208.jar;E:/vivaoinstall/Vivado/2019.1\lib\classes\com.sigasi.hdt.annotations.runtime_4.3.0.201903071210.jar;E:/vivaoinstall/Vivado/2019.1\lib\classes\com.sigasi.hdt.blockdiagram.model_4.3.0.201903071210.jar;E:/vivaoinstall/Vivado/2019.1\lib\classes\com.sigasi.hdt.connection_4.3.0.201903071210.jar;E:/vivaoinstall/Vivado/2019.1\lib\classes\com.sigasi.hdt.dependencies.model_4.3.0.201903071210.jar;E:/vivaoinstall/Vivado/2019.1\lib\classes\com.sigasi.hdt.epl_4.
Launcher Type: generic

Logging:
Log output configuration:
#0: stdout all=warning uptime,level,tags
#1: stderr all=off uptime,level,tags

Environment Variables:
JAVA_HOME=C:\j2sdk 8
CLASSPATH=D:\jdk\lib;D:\jdk\lib\dt.jar;D:\jdk\lib\tools.jar;".;C:\j2sdk 8lib\dt.jar;C:\j2sdk 8\lib\tools.jar;C:\j2sdk 8\lib\htmlconverter.jar";
PATH=E:/vivaoinstall/Vivado/2019.1/bin;E:/vivaoinstall/Vivado/2019.1/lib/win64.o;E:/vivaoinstall/Vivado/2019.1/tps/win64/jre9.0.4/bin/server;E:/vivaoinstall/Vivado/2019.1/tps/win64/jre9.0.4/bin;E:/vivaoinstall/SDK/2019.1/bin;E:/vivaoinstall/Vivado/2019.1/ids_lite/ISE/bin/nt64;E:/vivaoinstall/Vivado/2019.1/ids_lite/ISE/lib/nt64;C:\ProgramData\Oracle\Java\javapath;C:\oraclexe\app\oracle\product\11.2.0\server\bin;E:\Anaconda;E:\Anaconda\Library\mingw-w64\bin;E:\Anaconda\Library\usr\bin;E:\Anaconda\Library\bin;E:\Anaconda\Scripts;C:\WINDOWS\system32;C:\WINDOWS;C:\WINDOWS\System32\Wbem;C:\WINDOWS\System32\WindowsPowerShell\v1.0\;C:\WINDOWS\System32\OpenSSH\;C:\Program Files (x86)\Intel\Intel(R) Management Engine Components\DAL;C:\Program Files\Intel\Intel(R) Management Engine Components\DAL;C:\Program Files\dotnet\;C:\Program Files\Microsoft SQL Server\130\Tools\Binn\;C:\Strawberry\c\bin;C:\Strawberry\perl\site\bin;C:\Strawberry\perl\bin;C:\Program Files\MySQL\MySQL Server 8.0\bin;E:\MatlabR2018a\runtime\win64;E:\MatlabR2018a\bin;C:\Program Files\MATLAB\R2018a\runtime\win64;C:\Program Files\MATLAB\R2018a\bin;C:\Android\flutter\bin;C:\Android\sdk\tools;C:\Android\sdk\platform-tools;E:\Git\cmd;C:\j2sdk 8\bin;E:\openCvC++\opencv\build\x64\vc15\bin;C:\Program Files (x86)\Git\cmd;C:\Users\panhengyu\AppData\Local\Microsoft\WindowsApps;E:\Microsoft VS Code\bin;E:\flutter\bin;E:\Nmap;;E:/vivaoinstall/Vivado/2019.1\tps\mingw\6.2.0\win64.o\nt\bin;E:/vivaoinstall/Vivado/2019.1\tps\mingw\6.2.0\win64.o\nt\libexec\gcc\x86_64-w64-mingw32\6.2.0;E:/vivaoinstall/Vivado/2019.1\tps\win64\python-2.7.5;E:/vivaoinstall/Vivado/2019.1\tps\win64\python-2.7.5\lib;E:/vivaoinstall/Vivado/2019.1\tps\win64\python-2.7.5\Lib\lib-tk;E:/vivaoinstall/Vivado/2019.1\tps\win64\python-2.7.5\lib\site-packages
USERNAME=panhengyu
OS=Windows_NT
PROCESSOR_IDENTIFIER=Intel64 Family 6 Model 142 Stepping 11, GenuineIntel



---------------  S Y S T E M  ---------------

OS: Windows 10 , 64 bit Build 19041 (10.0.19041.1202)

CPU:total 8 (initial active 8) (4 cores per cpu, 2 threads per core) family 6 model 142 stepping 11, cmov, cx8, fxsr, mmx, sse, sse2, sse3, ssse3, sse4.1, sse4.2, popcnt, avx, avx2, aes, clmul, erms, 3dnowpref, lzcnt, ht, tsc, tscinvbit, bmi1, bmi2, adx, fma

Memory: 4k page, physical 8230644k(1636780k free), swap 15046388k(6515184k free)

vm_info: Java HotSpot(TM) 64-Bit Server VM (9.0.4+11) for windows-amd64 JRE (9.0.4+11), built on Dec 20 2017 02:18:54 by "mach5one" with MS VC++ 12.0 (VS2013)

END.
